"../../../Engine/Content/ArtTools/RenderToTexture/Enums/RenderToTexture_Enum.uasset" 0
"../../../Engine/Content/ArtTools/RenderToTexture/Enums/RenderToTexture_Flipbook_Enum.uasset" 1
"../../../Engine/Content/ArtTools/RenderToTexture/Enums/RenderToTexture_Imposter_Enum.uasset" 2
"../../../Engine/Content/EditorBlueprintResources/StandardMacros.uasset" 3
"../../../Engine/Content/ArtTools/RenderToTexture/Enums/EIntTypes.uasset" 4
"../../../Engine/Content/ArtTools/RenderToTexture/Macros/RenderToTextureFunctionLibrary.uasset" 5
"../../../Engine/Content/ArtTools/RenderToTexture/Enums/EFloatTypes.uasset" 6
"../../../Engine/Content/ArtTools/RenderToTexture/Macros/RenderToTextureMacros.uasset" 7
"../../../Engine/Content/Functions/Engine_MaterialFunctions01/Opacity/CameraDepthFade.uasset" 8
"../../../Engine/Content/EngineMaterials/T_Default_Material_Grid_M.uasset" 9
"../../../Engine/Content/EngineMaterials/T_Default_Material_Grid_N.uasset" 10
"../../../Engine/Content/EngineMaterials/WorldGridMaterial.uasset" 11
"../../../Engine/Content/ArtTools/RenderToTexture/Meshes/S_1_Unit_Plane.uasset" 12
"../../../Engine/Content/EngineMaterials/DefaultMaterial.uasset" 13
"../../../Engine/Content/BasicShapes/Cone.uasset" 14
"../../../Engine/Content/BasicShapes/Cube.uasset" 15
"../../../Engine/Content/BasicShapes/Cylinder.uasset" 16
"../../../Engine/Content/BasicShapes/Plane.uasset" 17
"../../../Engine/Content/BasicShapes/Sphere.uasset" 18
"../../../Engine/Content/EngineMaterials/DefaultPhysicalMaterial.uasset" 19
"../../../Engine/Content/BufferVisualization/AmbientOcclusion.uasset" 20
"../../../Engine/Content/BufferVisualization/BaseColor.uasset" 21
"../../../Engine/Content/BufferVisualization/CustomDepth.uasset" 22
"../../../Engine/Content/Functions/Engine_MaterialFunctions02/Utility/VectorLength.uasset" 23
"../../../Engine/Content/BufferVisualization/CustomDepthWorldUnits.uasset" 24
"../../../Engine/Content/Functions/Engine_MaterialFunctions02/Utility/BreakOutFloat2Components.uasset" 25
"../../../Engine/Content/Functions/Engine_MaterialFunctions01/Texturing/ScaleUVsByCenter.uasset" 26
"../../../Engine/Content/Functions/Engine_MaterialFunctions02/ScreenResolution.uasset" 27
"../../../Engine/Content/Functions/Engine_MaterialFunctions02/Texturing/ScreenAlignedUVs.uasset" 28
"../../../Engine/Content/Functions/Engine_MaterialFunctions02/Utility/MakeFloat2.uasset" 29
"../../../Engine/Content/Functions/Engine_MaterialFunctions02/Utility/MakeFloat3.uasset" 30
"../../../Engine/Content/EngineMaterials/MiniFont.uasset" 31
"../../../Engine/Content/BufferVisualization/CustomStencil.uasset" 32
"../../../Engine/Content/BufferVisualization/FinalImage.uasset" 33
"../../../Engine/Content/BufferVisualization/LightingModel.uasset" 34
"../../../Engine/Content/BufferVisualization/MaterialAO.uasset" 35
"../../../Engine/Content/BufferVisualization/Metallic.uasset" 36
"../../../Engine/Content/BufferVisualization/Opacity.uasset" 37
"../../../Engine/Content/BufferVisualization/PostTonemapHDRColor.uasset" 38
"../../../Engine/Content/BufferVisualization/PreTonemapHDRColor.uasset" 39
"../../../Engine/Content/BufferVisualization/Roughness.uasset" 40
"../../../Engine/Content/BufferVisualization/SceneColor.uasset" 41
"../../../Engine/Content/BufferVisualization/SceneDepth.uasset" 42
"../../../Engine/Content/BufferVisualization/SceneDepthWorldUnits.uasset" 43
"../../../Engine/Content/BufferVisualization/SeparateTranslucencyA.uasset" 44
"../../../Engine/Content/BufferVisualization/SeparateTranslucencyRGB.uasset" 45
"../../../Engine/Content/BufferVisualization/Specular.uasset" 46
"../../../Engine/Content/BufferVisualization/SubsurfaceColor.uasset" 47
"../../../Engine/Content/BufferVisualization/WorldNormal.uasset" 48
"../../../Engine/Content/EditorBlueprintResources/ActorMacros.uasset" 49
"../../../../../../GoTLegends-Updated-/GoTLegends 4.21/Content/MobileStarterContent/Materials/M_Basic_Floor.uasset" 50
"../../../../../../GoTLegends-Updated-/GoTLegends 4.21/Content/MobileStarterContent/Architecture/Floor_400x400.uasset" 51
"../../../Engine/Content/EditorLandscapeResources/DataLayer.uasset" 52
"../../../Engine/Content/EditorLandscapeResources/DefaultAlphaTexture.uasset" 53
"../../../Engine/Content/EditorLandscapeResources/LandscapeGizmoHeight_Mat.uasset" 54
"../../../Engine/Content/EditorLandscapeResources/LandscapeGizmo_Mat.uasset" 55
"../../../Engine/Content/EditorLandscapeResources/LandscapeGizmo_Mat_Copied.uasset" 56
"../../../Engine/Content/EditorLandscapeResources/SplineEditorMeshMat.uasset" 57
"../../../Engine/Content/EditorLandscapeResources/SplineEditorMesh.uasset" 58
"../../../Engine/Content/EditorMaterials/Cross.uasset" 59
"../../../Engine/Content/EditorMaterials/Cross_Mat.uasset" 60
"../../../Engine/Content/EditorMaterials/GizmoMaterial.uasset" 61
"../../../Engine/Content/Functions/Engine_MaterialFunctions02/ExampleContent/Textures/flipbook.uasset" 62
"../../../Engine/Content/Functions/Engine_MaterialFunctions02/Texturing/FlipBook.uasset" 63
"../../../Engine/Content/Functions/Engine_MaterialFunctions02/Utility/Sign.uasset" 64
"../../../Engine/Content/Functions/Engine_MaterialFunctions02/Utility/Round.uasset" 65
"../../../Engine/Content/EditorResources/T_EditorHelp.uasset" 66
"../../../Engine/Content/EditorMaterials/HelpActorMaterial.uasset" 67
"../../../Engine/Content/EditorMaterials/CompositeARGBLayer.uasset" 68
"../../../Engine/Content/EditorMaterials/TilingAALineIntegral.uasset" 69
"../../../Engine/Content/EditorMaterials/TilingAALineBoxFiltered.uasset" 70
"../../../Engine/Content/Functions/Engine_MaterialFunctions03/Procedurals/ComputeFilterWidth.uasset" 71
"../../../Engine/Content/EditorMaterials/TilingAADots.uasset" 72
"../../../Engine/Content/EngineMaterials/BlendFunc_DefBase.uasset" 73
"../../../Engine/Content/EngineMaterials/BlendFunc_DefBlend.uasset" 74
"../../../Engine/Content/Functions/Engine_MaterialFunctions03/Blends/Blend_Screen.uasset" 75
"../../../Engine/Content/EditorMaterials/TilingAAGrid.uasset" 76
"../../../Engine/Content/EditorMaterials/LevelGridMaterial.uasset" 77
"../../../Engine/Content/EditorMaterials/MakeCompositeARGBLayer.uasset" 78
"../../../Engine/Content/EditorResources/LevelGrid1DStripes.uasset" 79
"../../../Engine/Content/EditorMaterials/TextureGridCascaded1D.uasset" 80
"../../../Engine/Content/EditorMaterials/TextureGridCascaded2D.uasset" 81
"../../../Engine/Content/EditorMaterials/LevelGridMaterial2.uasset" 82
"../../../Engine/Content/EditorMaterials/MAT_Groups_Toggle.uasset" 83
"../../../Engine/Content/EditorMaterials/MAT_Groups_Visibility.uasset" 84
"../../../Engine/Content/EditorMaterials/AntialiasedGridFloor.uasset" 85
"../../../Engine/Content/EditorResources/TilePatine_D.uasset" 86
"../../../Engine/Content/EditorResources/TilePatine_N.uasset" 87
"../../../Engine/Content/EngineMaterials/Grid.uasset" 88
"../../../Engine/Content/EditorMaterials/PersonaFloorMat.uasset" 89
"../../../Engine/Content/EditorMaterials/PhAT_BoneSelectedMaterial.uasset" 90
"../../../Engine/Content/EditorMaterials/PhAT_ElemSelectedMaterial.uasset" 91
"../../../Engine/Content/EditorMaterials/PhAT_NoCollisionMaterial.uasset" 92
"../../../Engine/Content/EditorMaterials/PhAT_UnselectedMaterial.uasset" 93
"../../../Engine/Content/EditorMaterials/PreviewShadowIndicator.uasset" 94
"../../../Engine/Content/EditorMaterials/PreviewShadowIndicatorMaterial.uasset" 95
"../../../Engine/Content/EditorMaterials/TargetIcon.uasset" 96
"../../../Engine/Content/EditorMaterials/Tick.uasset" 97
"../../../Engine/Content/EditorMaterials/Tick_Mat.uasset" 98
"../../../Engine/Content/EditorMaterials/WidgetGridVertexColorMaterial.uasset" 99
"../../../Engine/Content/EditorMaterials/WidgetGridVertexColorMaterial_Ma.uasset" 100
"../../../Engine/Content/EditorMaterials/WidgetMaterial.uasset" 101
"../../../Engine/Content/EditorMaterials/WidgetMaterial_Current.uasset" 102
"../../../Engine/Content/EditorMaterials/WidgetMaterial_X.uasset" 103
"../../../Engine/Content/EditorMaterials/WidgetMaterial_Y.uasset" 104
"../../../Engine/Content/EditorMaterials/WidgetMaterial_Z.uasset" 105
"../../../Engine/Content/EditorMaterials/WidgetVertexColorMaterial.uasset" 106
"../../../Engine/Content/EditorMaterials/MatineeGroups/MAT_ColorTrack.uasset" 107
"../../../Engine/Content/EditorMaterials/MatineeGroups/MAT_Groups_Anim.uasset" 108
"../../../Engine/Content/EditorMaterials/MatineeGroups/MAT_Groups_AudioMaster.uasset" 109
"../../../Engine/Content/EditorMaterials/MatineeGroups/MAT_Groups_Director.uasset" 110
"../../../Engine/Content/EditorMaterials/MatineeGroups/MAT_Groups_Event.uasset" 111
"../../../Engine/Content/EditorMaterials/MatineeGroups/MAT_Groups_Fade.uasset" 112
"../../../Engine/Content/EditorMaterials/MatineeGroups/MAT_Groups_Float.uasset" 113
"../../../Engine/Content/EditorMaterials/MatineeGroups/MAT_Groups_Move.uasset" 114
"../../../Engine/Content/EditorMaterials/MatineeGroups/MAT_Groups_Slomo.uasset" 115
"../../../Engine/Content/EditorMaterials/MatineeGroups/MAT_Groups_Sound.uasset" 116
"../../../Engine/Content/EditorMaterials/MatineeGroups/MAT_Groups_Vector.uasset" 117
"../../../Engine/Content/EditorMaterials/ParticleSystems/PSysThumbnail_NoImage.uasset" 118
"../../../Engine/Content/EditorMaterials/ParticleSystems/PSysThumbnail_OOD.uasset" 119
"../../../Engine/Content/EditorMaterials/Thumbnails/FloorPlaneMaterial.uasset" 120
"../../../Engine/Content/EditorMeshes/EditorCube.uasset" 121
"../../../Engine/Content/EditorMeshes/EditorCylinder.uasset" 122
"../../../Engine/Content/EditorMeshes/EditorPlane.uasset" 123
"../../../Engine/Content/EditorMaterials/Thumbnails/SkySphereMaterial.uasset" 124
"../../../Engine/Content/EditorMeshes/EditorSkySphere.uasset" 125
"../../../Engine/Content/EditorMeshes/EditorSphere.uasset" 126
"../../../Engine/Content/EditorResources/MatineeCam_D.uasset" 127
"../../../Engine/Content/EditorMaterials/MatineeCam_mat.uasset" 128
"../../../Engine/Content/EditorMeshes/MatineeCam_SM.uasset" 129
"../../../Engine/Content/Functions/Engine_MaterialFunctions01/Shading/ConvertFromDiffSpec.uasset" 130
"../../../Engine/Content/EditorMaterials/GridMaterial.uasset" 131
"../../../Engine/Content/EditorMeshes/PhAT_FloorBox.uasset" 132
"../../../Engine/Content/EditorMaterials/Camera/CineMat.uasset" 133
"../../../Engine/Content/EditorMaterials/Camera/MI_CineMat_CameraBody.uasset" 134
"../../../Engine/Content/EngineDebugMaterials/M_SimpleOpaque.uasset" 135
"../../../Engine/Content/EditorMaterials/Camera/MI_CineMat_CamViewFinder.uasset" 136
"../../../Engine/Content/EditorMeshes/Camera/SM_CineCam.uasset" 137
"../../../Engine/Content/EditorMaterials/Camera/MI_CineMat_Rig.uasset" 138
"../../../Engine/Content/EditorMeshes/Camera/SM_CraneRig_Arm.uasset" 139
"../../../Engine/Content/EditorMeshes/Camera/SM_CraneRig_Base.uasset" 140
"../../../Engine/Content/EditorMeshes/Camera/SM_CraneRig_Body.uasset" 141
"../../../Engine/Content/EditorMeshes/Camera/SM_CraneRig_Mount.uasset" 142
"../../../Engine/Content/EditorMeshes/Camera/SM_RailRig_Mount.uasset" 143
"../../../Engine/Content/EditorMeshes/Camera/SM_RailRig_Track.uasset" 144
"../../../Engine/Content/EditorResources/Bad.uasset" 145
"../../../Engine/Content/EditorResources/BSPVertex.uasset" 146
"../../../Engine/Content/EditorResources/EmptyActor.uasset" 147
"../../../Engine/Content/EditorResources/MatInstActSprite.uasset" 148
"../../../Engine/Content/EditorResources/SceneManager.uasset" 149
"../../../Engine/Content/EditorResources/SmallFont.uasset" 150
"../../../Engine/Content/EditorResources/S_Actor.uasset" 151
"../../../Engine/Content/EditorResources/S_DecalActorIcon.uasset" 152
"../../../Engine/Content/EditorResources/S_Emitter.uasset" 153
"../../../Engine/Content/EditorResources/S_ExpoHeightFog.uasset" 154
"../../../Engine/Content/EditorResources/S_FTest.uasset" 155
"../../../Engine/Content/EditorResources/S_KBSJoint.uasset" 156
"../../../Engine/Content/EditorResources/S_KHinge.uasset" 157
"../../../Engine/Content/EditorResources/S_KPrismatic.uasset" 158
"../../../Engine/Content/EditorResources/S_LevelSequence.uasset" 159
"../../../Engine/Content/EditorResources/S_NavP.uasset" 160
"../../../Engine/Content/EditorResources/S_Note.uasset" 161
"../../../Engine/Content/EditorResources/S_Player.uasset" 162
"../../../Engine/Content/EditorResources/S_PortalActorIcon2.uasset" 163
"../../../Engine/Content/EditorResources/S_RadForce.uasset" 164
"../../../Engine/Content/EditorResources/S_ReflActorIcon.uasset" 165
"../../../Engine/Content/EditorResources/S_Terrain.uasset" 166
"../../../Engine/Content/EditorResources/S_TextRenderActorIcon.uasset" 167
"../../../Engine/Content/EditorResources/S_Thruster.uasset" 168
"../../../Engine/Content/EditorResources/S_Trigger.uasset" 169
"../../../Engine/Content/EditorResources/S_VectorFieldVol.uasset" 170
"../../../Engine/Content/EditorResources/S_WindDirectional.uasset" 171
"../../../Engine/Content/EditorResources/AI/S_NavLink.uasset" 172
"../../../Engine/Content/EditorResources/AudioIcons/S_AudioComponent.uasset" 173
"../../../Engine/Content/EditorResources/LightIcons/SkyLight.uasset" 174
"../../../Engine/Content/EditorResources/LightIcons/S_LightDirectional.uasset" 175
"../../../Engine/Content/EditorResources/LightIcons/S_LightDirectionalMove.uasset" 176
"../../../Engine/Content/EditorResources/LightIcons/S_LightError.uasset" 177
"../../../Engine/Content/EditorResources/LightIcons/S_LightPoint.uasset" 178
"../../../Engine/Content/EditorResources/LightIcons/S_LightPointMove.uasset" 179
"../../../Engine/Content/EditorResources/LightIcons/S_LightSpot.uasset" 180
"../../../Engine/Content/EditorResources/LightIcons/S_LightSpotMove.uasset" 181
"../../../Engine/Content/EditorResources/SequenceRecorder/Countdown.uasset" 182
"../../../Engine/Content/EditorResources/SequenceRecorder/RecordingIndicator.uasset" 183
"../../../Engine/Content/EditorResources/Spline/T_Loft_Spline.uasset" 184
"../../../Engine/Content/EditorSounds/Notifications/CompileFailed.uasset" 185
"../../../Engine/Content/EditorSounds/Notifications/CompileFailed_Cue.uasset" 186
"../../../Engine/Content/EditorSounds/Notifications/CompileSuccess.uasset" 187
"../../../Engine/Content/EditorSounds/Notifications/CompileStart_Cue.uasset" 188
"../../../Engine/Content/EditorSounds/Notifications/CompileSuccess_Cue.uasset" 189
"../../../Engine/Content/EngineDamageTypes/DmgTypeBP_Environmental.uasset" 190
"../../../Engine/Content/EngineDebugMaterials/HeatmapGradient.uasset" 191
"../../../Engine/Content/EngineDebugMaterials/BoneWeightMaterial.uasset" 192
"../../../Engine/Content/EngineDebugMaterials/ClothMaterial.uasset" 193
"../../../Engine/Content/EngineDebugMaterials/ClothMaterial_WF.uasset" 194
"../../../Engine/Content/EngineDebugMaterials/DebugEditorMaterial.uasset" 195
"../../../Engine/Content/EngineDebugMaterials/DebugMeshMaterial.uasset" 196
"../../../Engine/Content/EngineDebugMaterials/GeomMaterial.uasset" 197
"../../../Engine/Content/EngineDebugMaterials/LevelColorationLitMaterial.uasset" 198
"../../../Engine/Content/EngineDebugMaterials/LevelColorationUnlitMaterial.uasset" 199
"../../../Engine/Content/EngineMaterials/DefaultWhiteGrid.uasset" 200
"../../../Engine/Content/EngineDebugMaterials/MAT_LevelColorationLitLightmapUV.uasset" 201
"../../../Engine/Content/EngineDebugMaterials/M_SimpleTranslucent.uasset" 202
"../../../Engine/Content/EngineDebugMaterials/ShadedLevelColorationLitMaterial.uasset" 203
"../../../Engine/Content/EngineDebugMaterials/ShadedLevelColorationUnlitMateri.uasset" 204
"../../../Engine/Content/EngineDebugMaterials/VertexColorMaterial.uasset" 205
"../../../Engine/Content/EngineDebugMaterials/VertexColorViewMode_AlphaAsColor.uasset" 206
"../../../Engine/Content/EngineDebugMaterials/VertexColorViewMode_BlueOnly.uasset" 207
"../../../Engine/Content/EngineDebugMaterials/VertexColorViewMode_ColorOnly.uasset" 208
"../../../Engine/Content/EngineDebugMaterials/VertexColorViewMode_GreenOnly.uasset" 209
"../../../Engine/Content/EngineDebugMaterials/VertexColorViewMode_RedOnly.uasset" 210
"../../../Engine/Content/EngineDebugMaterials/WireframeMaterial.uasset" 211
"../../../Engine/Content/EngineFonts/Faces/RobotoBold.uasset" 212
"../../../Engine/Content/EngineFonts/Faces/RobotoBoldItalic.uasset" 213
"../../../Engine/Content/EngineFonts/Faces/RobotoItalic.uasset" 214
"../../../Engine/Content/EngineFonts/Faces/RobotoLight.uasset" 215
"../../../Engine/Content/EngineFonts/Faces/RobotoRegular.uasset" 216
"../../../Engine/Content/EngineFonts/Roboto.uasset" 217
"../../../Engine/Content/EngineFonts/Faces/RobotoTiny.uasset" 218
"../../../Engine/Content/EngineFonts/RobotoTiny.uasset" 219
"../../../Engine/Content/EngineFonts/SmallFont.uasset" 220
"../../../Engine/Content/EngineFonts/TinyFont.uasset" 221
"../../../Engine/Content/EngineMaterials/BaseFlattenDiffuseMap.uasset" 222
"../../../Engine/Content/EngineMaterials/BaseFlattenEmissiveMap.uasset" 223
"../../../Engine/Content/EngineMaterials/BaseFlattenGrayscaleMap.uasset" 224
"../../../Engine/Content/EngineMaterials/BaseFlattenNormalMap.uasset" 225
"../../../Engine/Content/EngineMaterials/BaseFlattenMaterial.uasset" 226
"../../../Engine/Content/EngineResources/WhiteSquareTexture.uasset" 227
"../../../Engine/Content/EngineMaterials/BlinkingCaret.uasset" 228
"../../../Engine/Content/EngineMaterials/DefaultBloomKernel.uasset" 229
"../../../Engine/Content/EngineMaterials/DefaultBokeh.uasset" 230
"../../../Engine/Content/EngineMaterials/DefaultDiffuse.uasset" 231
"../../../Engine/Content/EngineMaterials/DefaultDeferredDecalMaterial.uasset" 232
"../../../Engine/Content/EngineMaterials/DefaultLightFunctionMaterial.uasset" 233
"../../../Engine/Content/EngineMaterials/DefaultNormal.uasset" 234
"../../../Engine/Content/EngineMaterials/DefaultPostProcessMaterial.uasset" 235
"../../../Engine/Content/EngineFonts/RobotoDistanceField.uasset" 236
"../../../Engine/Content/EngineMaterials/DefaultTextMaterialOpaque.uasset" 237
"../../../Engine/Content/EngineMaterials/EditorBrushMaterial.uasset" 238
"../../../Engine/Content/EngineMaterials/Good64x64TilingNoiseHighFreq.uasset" 239
"../../../Engine/Content/EngineMaterials/Grid_N.uasset" 240
"../../../Engine/Content/EngineMaterials/HighResolutionScreenshotMaskFunction.uasset" 241
"../../../Engine/Content/EngineMaterials/HighResScreenshot.uasset" 242
"../../../Engine/Content/EngineMaterials/HighResScreenshotCaptureRegion.uasset" 243
"../../../Engine/Content/EngineMaterials/HighResScreenshotMask.uasset" 244
"../../../Engine/Content/EngineMaterials/LandscapeHolePhysicalMaterial.uasset" 245
"../../../Engine/Content/EngineMaterials/InvalidLightmapSettings.uasset" 246
"../../../Engine/Content/EngineMaterials/M_InvalidLightmapSettings.uasset" 247
"../../../Engine/Content/EngineMaterials/PaperDiffuse.uasset" 248
"../../../Engine/Content/EngineMaterials/PaperNormal.uasset" 249
"../../../Engine/Content/Functions/Engine_MaterialFunctions02/WorldPositionOffset/CameraOffset.uasset" 250
"../../../Engine/Content/EngineMaterials/PhAT_JointLimitMaterial.uasset" 251
"../../../Engine/Content/EngineMaterials/PhysMat_Rubber.uasset" 252
"../../../Engine/Content/EngineMaterials/PreintegratedSkinBRDF.uasset" 253
"../../../Engine/Content/EngineMaterials/RemoveSurfaceMaterial.uasset" 254
"../../../Engine/Content/EngineMaterials/WeightMapPlaceholderTexture.uasset" 255
"../../../Engine/Content/EngineMaterials/Widget3DPassThrough.uasset" 256
"../../../Engine/Content/EngineMaterials/Widget3DPassThrough_Masked.uasset" 257
"../../../Engine/Content/EngineMaterials/Widget3DPassThrough_Opaque.uasset" 258
"../../../Engine/Content/EngineMaterials/Widget3DPassThrough_Masked_OneSided.uasset" 259
"../../../Engine/Content/EngineMaterials/Widget3DPassThrough_Opaque_OneSided.uasset" 260
"../../../Engine/Content/EngineMaterials/Widget3DPassThrough_Translucent.uasset" 261
"../../../Engine/Content/EngineMaterials/Widget3DPassThrough_Translucent_OneSided.uasset" 262
"../../../Engine/Content/EngineMeshes/Cylinder.uasset" 263
"../../../Engine/Content/EngineMeshes/Sphere.uasset" 264
"../../../Engine/Content/EngineResources/Black.uasset" 265
"../../../Engine/Content/EngineResources/DefaultTexture.uasset" 266
"../../../Engine/Content/EngineResources/DefaultTextureCube.uasset" 267
"../../../Engine/Content/EngineResources/DefaultVolumeTexture2D.uasset" 268
"../../../Engine/Content/EngineResources/DefaultVolumeTexture.uasset" 269
"../../../Engine/Content/EngineResources/GradientTexture0.uasset" 270
"../../../Engine/Content/EngineResources/StreamingPauseIcon.uasset" 271
"../../../Engine/Content/EngineResources/M_StreamingPause.uasset" 272
"../../../Engine/Content/EngineSounds/Master.uasset" 273
"../../../Engine/Content/Functions/Engine_MaterialFunctions01/Shading/PowerToRoughness.uasset" 274
"../../../Engine/Content/Maps/Templates/Thumbnails/Default.uasset" 275
"../../../Engine/Content/Maps/Templates/Thumbnails/VR-Basic.uasset" 276
"../../../Engine/Content/MapTemplates/Sky/DaylightAmbientCubemap.uasset" 277
"../../../Engine/Content/MobileResources/T_MobileControls_texture.uasset" 278
"../../../Engine/Content/MobileResources/T_MobileMenu2.uasset" 279
"../../../Engine/Content/MobileResources/HUD/AnalogHat.uasset" 280
"../../../Engine/Content/MobileResources/HUD/VirtualJoystick_Background.uasset" 281
"../../../Engine/Content/MobileResources/HUD/VirtualJoystick_Thumb.uasset" 282
"../../../Engine/Content/MobileResources/HUD/DefaultVirtualJoysticks.uasset" 283
"../../../Engine/Content/MobileResources/HUD/LeftVirtualJoystickOnly.uasset" 284
"../../../Engine/Content/MobileResources/HUD/MobileHUDButton1_off.uasset" 285
"../../../Engine/Content/MobileResources/HUD/MobileHUDButton1_on.uasset" 286
"../../../Engine/Content/MobileResources/HUD/MobileHUDButton2_off.uasset" 287
"../../../Engine/Content/MobileResources/HUD/MobileHUDButton2_on.uasset" 288
"../../../Engine/Content/MobileResources/HUD/MobileHUDButton3.uasset" 289
"../../../Engine/Content/MobileResources/HUD/MobileHUDButtonFire.uasset" 290
"../../../Engine/Content/MobileResources/HUD/MobileHUDDirectionPad.uasset" 291
"../../../Engine/Content/MobileResources/HUD/MobileHUDDirectionPad2.uasset" 292
"../../../Engine/Content/MobileResources/HUD/MobileHUDDirectionPad3.uasset" 293
"../../../Engine/Content/MobileResources/HUD/MobileHUDDirectionStick.uasset" 294
"../../../Engine/Content/MobileResources/HUD/T_Castle_ThumbstickInner.uasset" 295
"../../../Engine/Content/MobileResources/HUD/T_Castle_ThumbstickOutter.uasset" 296
"../../../Engine/Content/Tutorial/ContentIntroCurve.uasset" 297
"../../../Engine/Content/Tutorial/Basics/TutorialAssets/icon_tab_Levels_40x.uasset" 298
"../../../Engine/Content/Tutorial/BlueprintTutorials/TutorialAssets/Blueprint_64x.uasset" 299
"../../../Engine/Content/VREditor/LaserPointer/VR_LaserPower_01.uasset" 300
"../../../Engine/Content/VREditor/TransformGizmo/TransformGizmoMaterial.uasset" 301
"../../../Engine/Content/VREditor/TransformGizmo/TranslucentTransformGizmoMaterial.uasset" 302
"../../../Engine/Content/VREditor/TransformGizmo/BoundingBoxCorner.uasset" 303
"../../../Engine/Content/VREditor/TransformGizmo/BoundingBoxEdge.uasset" 304
"../../../Engine/Content/VREditor/TransformGizmo/PlaneTranslationHandle.uasset" 305
"../../../Engine/Content/VREditor/TransformGizmo/Main.uasset" 306
"../../../Engine/Content/VREditor/TransformGizmo/Xray.uasset" 307
"../../../Engine/Content/VREditor/TransformGizmo/SM_Sequencer_Key.uasset" 308
"../../../Engine/Content/VREditor/TransformGizmo/SM_Sequencer_Node.uasset" 309
"../../../../../../GoTLegends-Updated-/GoTLegends 4.21/Content/Core/DataBPs/Enum_AbilityRange.uasset" 310
"../../../../../../GoTLegends-Updated-/GoTLegends 4.21/Content/Core/DataBPs/Enum_AbilityType.uasset" 311
"../../../../../../GoTLegends-Updated-/GoTLegends 4.21/Content/Core/DataBPs/Enum_Currencies.uasset" 312
"../../../../../../GoTLegends-Updated-/GoTLegends 4.21/Content/Movies/MediaPlayer.uasset" 313
"../../../../../../GoTLegends-Updated-/GoTLegends 4.21/Content/Movies/MediaPlayer_Video.uasset" 314
"../../Plugins/2D/Paper2D/Content/PlaceholderTextures/DummySpriteTexture.uasset" 315
"../../Plugins/2D/Paper2D/Content/DummySprite.uasset" 316
"../../Plugins/2D/Paper2D/Content/DefaultPaperTerrainMaterial.uasset" 317
"../../Plugins/2D/Paper2D/Content/DefaultSpriteMaterial.uasset" 318
"../../Plugins/2D/Paper2D/Content/MaskedUnlitSpriteMaterial.uasset" 319
"../../Plugins/2D/Paper2D/Content/OpaqueUnlitSpriteMaterial.uasset" 320
"../../Plugins/Enterprise/DatasmithContent/Content/Blueprints/FBXImporter/ArrayOfActor.uasset" 321
"../../Plugins/Enterprise/DatasmithContent/Content/Blueprints/FBXImporter/ArrayOfSwitch.uasset" 322
"../../Plugins/Enterprise/DatasmithContent/Content/Blueprints/FBXImporter/BP_SceneNode.uasset" 323
"../../Plugins/Enterprise/DatasmithContent/Content/Blueprints/FBXImporter/BP_Switch.uasset" 324
"../../Plugins/Enterprise/DatasmithContent/Content/Blueprints/FBXImporter/BP_SceneRoot.uasset" 325
"../../Plugins/Enterprise/DatasmithContent/Content/Blueprints/FBXImporter/FBXImporterUtils.uasset" 326
"../../Plugins/Enterprise/DatasmithContent/Content/Blueprints/FBXImporter/Animation/DeltaGenAnimationTrackType.uasset" 327
"../../Plugins/Enterprise/DatasmithContent/Content/Blueprints/FBXImporter/Animation/VREDAnimationTrackComponent.uasset" 328
"../../Plugins/Enterprise/DatasmithContent/Content/Blueprints/FBXImporter/Animation/VREDAnimationTrackType.uasset" 329
"../../Plugins/Enterprise/DatasmithContent/Content/Blueprints/FBXImporter/Animation/VREDAnimCurveComponent.uasset" 330
"../../Plugins/Enterprise/DatasmithContent/Content/Blueprints/FBXImporter/Animation/VREDAnimCurveType.uasset" 331
"../../Plugins/Enterprise/DatasmithContent/Content/Blueprints/FBXImporter/Variants/VariantSwitchType.uasset" 332
"../../Plugins/Enterprise/DatasmithContent/Content/Blueprints/FBXImporter/Variants/VREDVariantSwitchType.uasset" 333
"../../Plugins/Enterprise/DatasmithContent/Content/Blueprints/FBXImporter/Variants/VREDVariantType.uasset" 334
"../../Plugins/Runtime/Oculus/OculusVR/Content/Materials/PokeAHoleMaterial.uasset" 335
"../../Plugins/Runtime/Oculus/OculusVR/Content/Textures/GearVRController_AO.uasset" 336
"../../Plugins/Runtime/Oculus/OculusVR/Content/Textures/GearVRController_Color.uasset" 337
"../../Plugins/Runtime/Oculus/OculusVR/Content/Textures/GearVRController_Normal.uasset" 338
"../../Plugins/Runtime/Oculus/OculusVR/Content/Materials/GearVRControllerMaterial.uasset" 339
"../../Plugins/Runtime/Oculus/OculusVR/Content/Meshes/GearVrController.uasset" 340
"../../Plugins/Runtime/Oculus/OculusVR/Content/Textures/touchController_albedo.uasset" 341
"../../Plugins/Runtime/Oculus/OculusVR/Content/Textures/touchController_controlmap.uasset" 342
"../../Plugins/Runtime/Oculus/OculusVR/Content/Materials/touchController_mat.uasset" 343
"../../Plugins/Runtime/Oculus/OculusVR/Content/Meshes/LeftTouchController.uasset" 344
"../../Plugins/Runtime/Oculus/OculusVR/Content/Meshes/RiftHMD.uasset" 345
"../../Plugins/Runtime/Oculus/OculusVR/Content/Meshes/RightTouchController.uasset" 346
"../../../Engine/Content/Maps/Entry_BuiltData.uasset" 347
"../../../Engine/Content/Maps/Entry.umap" 348
"../../../Engine/Content/EngineSky/C_Sky_Cloud_Color.uasset" 349
"../../../Engine/Content/EngineSky/C_Sky_Horizon_Color.uasset" 350
"../../../Engine/Content/EngineSky/C_Sky_Zenith_Color.uasset" 351
"../../../Engine/Content/EngineSky/T_Sky_Blue.uasset" 352
"../../../Engine/Content/EngineSky/T_Sky_Clouds_M.uasset" 353
"../../../Engine/Content/EngineSky/T_Sky_Stars.uasset" 354
"../../../Engine/Content/EngineSky/M_Sky_Panning_Clouds2.uasset" 355
"../../../Engine/Content/EngineSky/SM_SkySphere.uasset" 356
"../../../Engine/Content/EngineSky/BP_Sky_Sphere.uasset" 357
"../../../../../../GoTLegends-Updated-/GoTLegends 4.21/Content/Core/DataBPs/CampaignData/Enum_CampaignStars.uasset" 358
"../../../../../../GoTLegends-Updated-/GoTLegends 4.21/Content/Core/DataBPs/Enum_CharUnlocked.uasset" 359
"../../../../../../GoTLegends-Updated-/GoTLegends 4.21/Content/Core/MasterClassBPs/MissionDataHolder_MasterClass.uasset" 360
"../../../../../../GoTLegends-Updated-/GoTLegends 4.21/Content/Core/DataBPs/CampaignData/Enum_CampaignChapters.uasset" 361
"../../../../../../GoTLegends-Updated-/GoTLegends 4.21/Content/Core/DataBPs/CampaignData/Enum_CampaignDifficulty.uasset" 362
"../../../../../../GoTLegends-Updated-/GoTLegends 4.21/Content/Core/DataBPs/CampaignData/Enum_Campaigns.uasset" 363
"../../../../../../GoTLegends-Updated-/GoTLegends 4.21/Content/Core/DataBPs/CampaignData/Enum_MissionNumbers.uasset" 364
"../../../../../../GoTLegends-Updated-/GoTLegends 4.21/Content/Core/DataBPs/CampaignData/Enum_WaveNumber.uasset" 365
"../../../../../../GoTLegends-Updated-/GoTLegends 4.21/Content/Mannequin/Character/Mesh/SK_Mannequin_Skeleton.uasset" 366
"../../../../../../GoTLegends-Updated-/GoTLegends 4.21/Content/Mannequin/Animations/ThirdPersonJump_End.uasset" 367
"../../../../../../GoTLegends-Updated-/GoTLegends 4.21/Content/Mannequin/Animations/ThirdPersonJump_Loop.uasset" 368
"../../../../../../GoTLegends-Updated-/GoTLegends 4.21/Content/Mannequin/Animations/ThirdPersonJump_Start.uasset" 369
"../../../../../../GoTLegends-Updated-/GoTLegends 4.21/Content/Mannequin/Animations/ThirdPersonIdle.uasset" 370
"../../../../../../GoTLegends-Updated-/GoTLegends 4.21/Content/Mannequin/Animations/ThirdPersonRun.uasset" 371
"../../../../../../GoTLegends-Updated-/GoTLegends 4.21/Content/Mannequin/Animations/ThirdPersonWalk.uasset" 372
"../../../../../../GoTLegends-Updated-/GoTLegends 4.21/Content/Mannequin/Animations/ThirdPerson_IdleRun_2D.uasset" 373
"../../../../../../GoTLegends-Updated-/GoTLegends 4.21/Content/Mannequin/Animations/ThirdPerson_AnimBP.uasset" 374
"../../../../../../GoTLegends-Updated-/GoTLegends 4.21/Content/Core/Blueprints/MainPlayerController.uasset" 375
"../../../../../../GoTLegends-Updated-/GoTLegends 4.21/Content/Core/MasterClassBPs/CharScreenModel_MasterClass.uasset" 376
"../../../../../../GoTLegends-Updated-/GoTLegends 4.21/Content/Core/MasterClassBPs/ShipDataHolder_MasterClass.uasset" 377
"../../../../../../GoTLegends-Updated-/GoTLegends 4.21/Content/Core/DataBPs/Enum_CharReleased.uasset" 378
"../../../../../../GoTLegends-Updated-/GoTLegends 4.21/Content/Core/DataBPs/Enum_CharStarLevel.uasset" 379
"../../../../../../GoTLegends-Updated-/GoTLegends 4.21/Content/Core/DataBPs/Enum_CharTag_HeroVillain.uasset" 380
"../../../../../../GoTLegends-Updated-/GoTLegends 4.21/Content/Core/DataBPs/Enum_CharTags_GreatHouses.uasset" 381
"../../../../../../GoTLegends-Updated-/GoTLegends 4.21/Content/Core/DataBPs/Enum_CharTags_Houses.uasset" 382
"../../../../../../GoTLegends-Updated-/GoTLegends 4.21/Content/Core/DataBPs/Enum_CharTags_Organizations.uasset" 383
"../../../../../../GoTLegends-Updated-/GoTLegends 4.21/Content/Core/DataBPs/Enum_CharTags_Regions.uasset" 384
"../../../../../../GoTLegends-Updated-/GoTLegends 4.21/Content/Core/DataBPs/Enum_HeroesList.uasset" 385
"../../../../../../GoTLegends-Updated-/GoTLegends 4.21/Content/Core/DataBPs/Enum_HeroType.uasset" 386
"../../../../../../GoTLegends-Updated-/GoTLegends 4.21/Content/Core/DataBPs/Enum_IsCaptain.uasset" 387
"../../../../../../GoTLegends-Updated-/GoTLegends 4.21/Content/Core/DataBPs/Enum_IsLeader.uasset" 388
"../../../../../../GoTLegends-Updated-/GoTLegends 4.21/Content/Core/DataBPs/Struct_CharInfo.uasset" 389
"../../../../../../GoTLegends-Updated-/GoTLegends 4.21/Content/Core/UI/UI_Images/backarrow.uasset" 390
"../../../../../../GoTLegends-Updated-/GoTLegends 4.21/Content/Core/UI/UI_Images/BackgroundImage.uasset" 391
"../../../../../../GoTLegends-Updated-/GoTLegends 4.21/Content/Core/UI/UI_Images/HomeIcon.uasset" 392
"../../../../../../GoTLegends-Updated-/GoTLegends 4.21/Content/Core/UI/UI_Images/Star1.uasset" 393
"../../../../../../GoTLegends-Updated-/GoTLegends 4.21/Content/Core/UI/UI_Images/Star2.uasset" 394
"../../../../../../GoTLegends-Updated-/GoTLegends 4.21/Content/Core/Fonts/Game_of_Thrones.uasset" 395
"../../../../../../GoTLegends-Updated-/GoTLegends 4.21/Content/Core/Fonts/Game_of_Thrones_Font.uasset" 396
"../../../../../../GoTLegends-Updated-/GoTLegends 4.21/Content/Core/UI/LoadingScreen.uasset" 397
"../../../../../../GoTLegends-Updated-/GoTLegends 4.21/Content/Core/UI/Widgets_Roster/Widget_CharUnlockedWidget.uasset" 398
"../../../../../../GoTLegends-Updated-/GoTLegends 4.21/Content/Core/CharacterBPs/Character/Character_AlliserThorne.uasset" 399
"../../../../../../GoTLegends-Updated-/GoTLegends 4.21/Content/Core/CharacterBPs/Character/Character_CerceiLannister.uasset" 400
"../../../../../../GoTLegends-Updated-/GoTLegends 4.21/Content/Core/CharacterBPs/Character/Character_DaenerysTargaryen.uasset" 401
"../../../../../../GoTLegends-Updated-/GoTLegends 4.21/Content/Core/CharacterBPs/Character/Character_DarrioNaharis.uasset" 402
"../../../../../../GoTLegends-Updated-/GoTLegends 4.21/Content/Core/CharacterBPs/Character/Character_ExileJorahMormont.uasset" 403
"../../../../../../GoTLegends-Updated-/GoTLegends 4.21/Content/Core/CharacterBPs/Character/Character_Grenn.uasset" 404
"../../../../../../GoTLegends-Updated-/GoTLegends 4.21/Content/Core/CharacterBPs/Character/Character_GreyWorm.uasset" 405
"../../../../../../GoTLegends-Updated-/GoTLegends 4.21/Content/Core/CharacterBPs/Character/Character_HOTKEddardStark.uasset" 406
"../../../../../../GoTLegends-Updated-/GoTLegends 4.21/Content/Core/CharacterBPs/Character/Character_JaimeLannister.uasset" 407
"../../../../../../GoTLegends-Updated-/GoTLegends 4.21/Content/Core/CharacterBPs/Character/Character_JoffreyBaratheon.uasset" 408
"../../../../../../GoTLegends-Updated-/GoTLegends 4.21/Content/Core/CharacterBPs/Character/Character_JonSnow.uasset" 409
"../../../../../../GoTLegends-Updated-/GoTLegends 4.21/Content/Core/CharacterBPs/Character/Character_KaleesiDaenerys.uasset" 410
"../../../../../../GoTLegends-Updated-/GoTLegends 4.21/Content/Core/CharacterBPs/Character/Character_KhalDrogo.uasset" 411
"../../../../../../GoTLegends-Updated-/GoTLegends 4.21/Content/Core/CharacterBPs/Character/Character_LCJonSnow.uasset" 412
"../../../../../../GoTLegends-Updated-/GoTLegends 4.21/Content/Core/CharacterBPs/Character/Character_LorasTyrell.uasset" 413
"../../../../../../GoTLegends-Updated-/GoTLegends 4.21/Content/Core/CharacterBPs/Character/Character_LordCommanderMormont.uasset" 414
"../../../../../../GoTLegends-Updated-/GoTLegends 4.21/Content/Core/CharacterBPs/Character/Character_LordEddardStark.uasset" 415
"../../../../../../GoTLegends-Updated-/GoTLegends 4.21/Content/Core/CharacterBPs/Character/Character_MagistrateIllyrio.uasset" 416
"../../../../../../GoTLegends-Updated-/GoTLegends 4.21/Content/Core/CharacterBPs/Character/Character_Missandei.uasset" 417
"../../../../../../GoTLegends-Updated-/GoTLegends 4.21/Content/Core/CharacterBPs/Character/Character_MoDDaenerys.uasset" 418
"../../../../../../GoTLegends-Updated-/GoTLegends 4.21/Content/Core/CharScreenModelBPs/CharScreenModel_AlliserThorne.uasset" 419
"../../../../../../GoTLegends-Updated-/GoTLegends 4.21/Content/Core/DataHolderBps/Character/CharDataHolder_AlliserThorne.uasset" 420
"../../../../../../GoTLegends-Updated-/GoTLegends 4.21/Content/Core/DataHolderBps/Character/CharDataHolder_CerceiLannister.uasset" 421
"../../../../../../GoTLegends-Updated-/GoTLegends 4.21/Content/Core/DataHolderBps/Character/CharDataHolder_DaenerysTargaryen.uasset" 422
"../../../../../../GoTLegends-Updated-/GoTLegends 4.21/Content/Core/DataHolderBps/Character/CharDataHolder_DarrioNaharis.uasset" 423
"../../../../../../GoTLegends-Updated-/GoTLegends 4.21/Content/Core/DataHolderBps/Character/CharDataHolder_ExileJorah.uasset" 424
"../../../../../../GoTLegends-Updated-/GoTLegends 4.21/Content/Core/DataHolderBps/Character/CharDataHolder_Grenn.uasset" 425
"../../../../../../GoTLegends-Updated-/GoTLegends 4.21/Content/Core/DataHolderBps/Character/CharDataHolder_GreyWorm.uasset" 426
"../../../../../../GoTLegends-Updated-/GoTLegends 4.21/Content/Core/DataHolderBps/Character/CharDataHolder_HOTKEddardStark.uasset" 427
"../../../../../../GoTLegends-Updated-/GoTLegends 4.21/Content/Core/DataHolderBps/Character/CharDataHolder_JaimeLannister.uasset" 428
"../../../../../../GoTLegends-Updated-/GoTLegends 4.21/Content/Core/DataHolderBps/Character/CharDataHolder_JoffreyBaratheon.uasset" 429
"../../../../../../GoTLegends-Updated-/GoTLegends 4.21/Content/Core/DataHolderBps/Character/CharDataHolder_JonSnow.uasset" 430
"../../../../../../GoTLegends-Updated-/GoTLegends 4.21/Content/Core/DataHolderBps/Character/CharDataHolder_KaleesiDaenerys.uasset" 431
"../../../../../../GoTLegends-Updated-/GoTLegends 4.21/Content/Core/DataHolderBps/Character/CharDataHolder_KhalDrogo.uasset" 432
"../../../../../../GoTLegends-Updated-/GoTLegends 4.21/Content/Core/DataHolderBps/Character/CharDataHolder_LCJonSnow.uasset" 433
"../../../../../../GoTLegends-Updated-/GoTLegends 4.21/Content/Core/DataHolderBps/Character/CharDataHolder_LCMormont.uasset" 434
"../../../../../../GoTLegends-Updated-/GoTLegends 4.21/Content/Core/DataHolderBps/Character/CharDataHolder_LorasTyrell.uasset" 435
"../../../../../../GoTLegends-Updated-/GoTLegends 4.21/Content/Core/DataHolderBps/Character/CharDataHolder_LordEddardStark.uasset" 436
"../../../../../../GoTLegends-Updated-/GoTLegends 4.21/Content/Core/DataHolderBps/Character/CharDataHolder_MagistrateIllyrio.uasset" 437
"../../../../../../GoTLegends-Updated-/GoTLegends 4.21/Content/Core/DataHolderBps/Character/CharDataHolder_Missandei.uasset" 438
"../../../../../../GoTLegends-Updated-/GoTLegends 4.21/Content/Core/DataHolderBps/Character/CharDataHolder_MODDaenerys.uasset" 439
"../../../../../../GoTLegends-Updated-/GoTLegends 4.21/Content/Core/UI/Icons/Icon_AlliserThorne.uasset" 440
"../../../../../../GoTLegends-Updated-/GoTLegends 4.21/Content/Core/UI/Icons/Icon_CerseriLannister.uasset" 441
"../../../../../../GoTLegends-Updated-/GoTLegends 4.21/Content/Core/UI/Icons/Icon_DaenerysTargaryen.uasset" 442
"../../../../../../GoTLegends-Updated-/GoTLegends 4.21/Content/Core/UI/Icons/Icon_DarrioNaharis.uasset" 443
"../../../../../../GoTLegends-Updated-/GoTLegends 4.21/Content/Core/UI/Icons/Icon_ExileJorahMormont.uasset" 444
"../../../../../../GoTLegends-Updated-/GoTLegends 4.21/Content/Core/UI/Icons/Icon_Grenn.uasset" 445
"../../../../../../GoTLegends-Updated-/GoTLegends 4.21/Content/Core/UI/Icons/Icon_GreyWorm.uasset" 446
"../../../../../../GoTLegends-Updated-/GoTLegends 4.21/Content/Core/UI/Icons/Icon_HOTKEddardStark.uasset" 447
"../../../../../../GoTLegends-Updated-/GoTLegends 4.21/Content/Core/UI/Icons/Icon_JaimeLannister.uasset" 448
"../../../../../../GoTLegends-Updated-/GoTLegends 4.21/Content/Core/UI/Icons/Icon_JoffreyBaratheon.uasset" 449
"../../../../../../GoTLegends-Updated-/GoTLegends 4.21/Content/Core/UI/Icons/Icon_JonSnow.uasset" 450
"../../../../../../GoTLegends-Updated-/GoTLegends 4.21/Content/Core/UI/Icons/Icon_KaleesiDaenerys.uasset" 451
"../../../../../../GoTLegends-Updated-/GoTLegends 4.21/Content/Core/UI/Icons/Icon_KhalDrogo.uasset" 452
"../../../../../../GoTLegends-Updated-/GoTLegends 4.21/Content/Core/UI/Icons/Icon_LCJonSnow.uasset" 453
"../../../../../../GoTLegends-Updated-/GoTLegends 4.21/Content/Core/UI/Icons/Icon_LCMormont.uasset" 454
"../../../../../../GoTLegends-Updated-/GoTLegends 4.21/Content/Core/UI/Icons/Icon_LorasTyrell.uasset" 455
"../../../../../../GoTLegends-Updated-/GoTLegends 4.21/Content/Core/UI/Icons/Icon_LordEddardStark.uasset" 456
"../../../../../../GoTLegends-Updated-/GoTLegends 4.21/Content/Core/UI/Icons/Icon_MagistrateIllyrio.uasset" 457
"../../../../../../GoTLegends-Updated-/GoTLegends 4.21/Content/Core/UI/Icons/Icon_Missandei.uasset" 458
"../../../../../../GoTLegends-Updated-/GoTLegends 4.21/Content/Core/UI/Icons/Icon_MOTDDaenerys.uasset" 459
"../../../../../../GoTLegends-Updated-/GoTLegends 4.21/Content/Core/DataBPs/DataTable_CharacterTable.uasset" 460
"../../../../../../GoTLegends-Updated-/GoTLegends 4.21/Content/Core/UI/Widgets_Roster/Widget_MainMenuRoster_Icons.uasset" 461
"../../../../../../GoTLegends-Updated-/GoTLegends 4.21/Content/Core/UI/Widgets_Roster/Widget_MainMenuRoster_IconsLOCKED.uasset" 462
"../../../../../../GoTLegends-Updated-/GoTLegends 4.21/Content/Core/UI/Widgets_Roster/Widget_MainMenuRoster.uasset" 463
"../../../../../../GoTLegends-Updated-/GoTLegends 4.21/Content/Core/DataHolderBps/CampaignNode/MissionDataHolder-1-1-1-Normal.uasset" 464
"../../../../../../GoTLegends-Updated-/GoTLegends 4.21/Content/Core/DataHolderBps/CampaignNode/MissionDataHolder-1-1-2-Normal.uasset" 465
"../../../../../../GoTLegends-Updated-/GoTLegends 4.21/Content/Core/UI/UI_Images/CampaignSelectorIcons/PlaceholderCampaign.uasset" 466
"../../../../../../GoTLegends-Updated-/GoTLegends 4.21/Content/Core/UI/UI_Images/GoldIcon.uasset" 467
"../../../../../../GoTLegends-Updated-/GoTLegends 4.21/Content/Core/UI/UI_Images/XP_Icon.uasset" 468
"../../../../../../GoTLegends-Updated-/GoTLegends 4.21/Content/Core/DataBPs/CampaignData/DataTable_CampaignMissions.uasset" 469
"../../../../../../GoTLegends-Updated-/GoTLegends 4.21/Content/Core/DataBPs/CampaignData/Enum_CampaignRewardTypes.uasset" 470
"../../../../../../GoTLegends-Updated-/GoTLegends 4.21/Content/Core/DataBPs/CampaignData/Struct_CampaignRewards.uasset" 471
"../../../../../../GoTLegends-Updated-/GoTLegends 4.21/Content/Core/UI/DynamicSpacerWidget.uasset" 472
"../../../../../../GoTLegends-Updated-/GoTLegends 4.21/Content/Core/MasterClassBPs/CampaignDataHolder_MasterClass.uasset" 473
"../../../../../../GoTLegends-Updated-/GoTLegends 4.21/Content/Core/DataBPs/CampaignData/Struct_Campaigns.uasset" 474
"../../../../../../GoTLegends-Updated-/GoTLegends 4.21/Content/Core/UI/UI_Images/Energy.uasset" 475
"../../../../../../GoTLegends-Updated-/GoTLegends 4.21/Content/Core/DataBPs/CampaignData/Struct_EnemyStats.uasset" 476
"../../../../../../GoTLegends-Updated-/GoTLegends 4.21/Content/Core/UI/Widgets_CampaignWidgets/Widget_CampaignEnemyIcon.uasset" 477
"../../../../../../GoTLegends-Updated-/GoTLegends 4.21/Content/Core/UI/Widgets_Roster/Widgets_RewardWidget.uasset" 478
"../../../../../../GoTLegends-Updated-/GoTLegends 4.21/Content/Core/UI/Widgets_CampaignWidgets/Widget_CampaignNode.uasset" 479
"../../../../../../GoTLegends-Updated-/GoTLegends 4.21/Content/Core/UI/Widgets_CampaignWidgets/Widget_CampaignEndBattleRewards.uasset" 480
"../../../../../../GoTLegends-Updated-/GoTLegends 4.21/Content/Core/UI/UI_Images/plus-sign-in-a-square_318-53016.uasset" 481
"../../../../../../GoTLegends-Updated-/GoTLegends 4.21/Content/Core/UI/Widgets_CampaignWidgets/Widget_CharSelectionRosterIcon.uasset" 482
"../../../../../../GoTLegends-Updated-/GoTLegends 4.21/Content/Core/UI/Widgets_CampaignWidgets/Widget_CampaignHeroSelect.uasset" 483
"../../../../../../GoTLegends-Updated-/GoTLegends 4.21/Content/Core/UI/Widgets_CampaignWidgets/Widget_Campaign1.uasset" 484
"../../../../../../GoTLegends-Updated-/GoTLegends 4.21/Content/Core/UI/Widgets_Roster/Widget_ShardFinderNode.uasset" 485
"../../../../../../GoTLegends-Updated-/GoTLegends 4.21/Content/Core/UI/Widgets_Roster/Widget_ShardFinderWidget.uasset" 486
"../../../../../../GoTLegends-Updated-/GoTLegends 4.21/Content/Core/UI/Widgets_Roster/Widget_MainMenu_CharScreen.uasset" 487
"../../../../../../GoTLegends-Updated-/GoTLegends 4.21/Content/Core/MasterClassBPs/CharDataHolder_MasterClass.uasset" 488
"../../../Engine/Content/Functions/Engine_MaterialFunctions01/Density/ExponentialDensity.uasset" 489
"../../../Engine/Content/Functions/Engine_MaterialFunctions01/Gradient/RadialGradientExponential.uasset" 490
"../../../../../../GoTLegends-Updated-/GoTLegends 4.21/Content/Core/Blueprints/M_Cursor_Decal.uasset" 491
"../../../../../../GoTLegends-Updated-/GoTLegends 4.21/Content/Core/UI/Widgets_Combat/WIdget_BattleHealthBar.uasset" 492
"../../../../../../GoTLegends-Updated-/GoTLegends 4.21/Content/Core/UI/UI_Images/OptionsIcon.uasset" 493
"../../../../../../GoTLegends-Updated-/GoTLegends 4.21/Content/Core/UI/Widgets_Combat/Widget_BattleOverlay.uasset" 494
"../../../Engine/Content/Functions/Engine_MaterialFunctions02/Utility/BlendAngleCorrectedNormals.uasset" 495
"../../../Engine/Content/Functions/MaterialLayerFunctions/MatLayerBlend_NormalBlend.uasset" 496
"../../../Engine/Content/Functions/MaterialLayerFunctions/MatLayerBlend_Simple.uasset" 497
"../../../../../../GoTLegends-Updated-/GoTLegends 4.21/Content/Mannequin/Character/Materials/MaterialLayers/T_ML_Rubber_Blue_01_D.uasset" 498
"../../../../../../GoTLegends-Updated-/GoTLegends 4.21/Content/Mannequin/Character/Materials/MaterialLayers/T_ML_Rubber_Blue_01_N.uasset" 499
"../../../../../../GoTLegends-Updated-/GoTLegends 4.21/Content/Mannequin/Character/Materials/MaterialLayers/ML_GlossyBlack_Latex_UE4.uasset" 500
"../../../../../../GoTLegends-Updated-/GoTLegends 4.21/Content/Mannequin/Character/Materials/MaterialLayers/ML_Plastic_Shiny_Beige.uasset" 501
"../../../../../../GoTLegends-Updated-/GoTLegends 4.21/Content/Mannequin/Character/Textures/UE4_LOGO_CARD.uasset" 502
"../../../../../../GoTLegends-Updated-/GoTLegends 4.21/Content/Mannequin/Character/Materials/MaterialLayers/ML_Plastic_Shiny_Beige_LOGO.uasset" 503
"../../../../../../GoTLegends-Updated-/GoTLegends 4.21/Content/Mannequin/Character/Materials/MaterialLayers/T_ML_Aluminum01.uasset" 504
"../../../../../../GoTLegends-Updated-/GoTLegends 4.21/Content/Mannequin/Character/Materials/MaterialLayers/T_ML_Aluminum01_N.uasset" 505
"../../../../../../GoTLegends-Updated-/GoTLegends 4.21/Content/Mannequin/Character/Materials/MaterialLayers/ML_SoftMetal_UE4.uasset" 506
"../../../../../../GoTLegends-Updated-/GoTLegends 4.21/Content/Mannequin/Character/Textures/T_UE4_Mannequin_Mobile_M.uasset" 507
"../../../../../../GoTLegends-Updated-/GoTLegends 4.21/Content/Mannequin/Character/Textures/T_UE4_Mannequin_Mobile_N.uasset" 508
"../../../../../../GoTLegends-Updated-/GoTLegends 4.21/Content/Mannequin/Character/Materials/M_UE4Man_Body.uasset" 509
"../../../../../../GoTLegends-Updated-/GoTLegends 4.21/Content/Mannequin/Character/Textures/UE4Man_Logo_N.uasset" 510
"../../../../../../GoTLegends-Updated-/GoTLegends 4.21/Content/Mannequin/Character/Materials/M_UE4Man_ChestLogo.uasset" 511
"../../../../../../GoTLegends-Updated-/GoTLegends 4.21/Content/Mannequin/Character/Mesh/SK_Mannequin.uasset" 512
"../../../../../../GoTLegends-Updated-/GoTLegends 4.21/Content/Core/MasterClassBPs/Character_MasterClass.uasset" 513
"../../../../../../GoTLegends-Updated-/GoTLegends 4.21/Content/Core/DataBPs/CampaignData/Struct_CampaignEnemyInfo.uasset" 514
"../../../../../../GoTLegends-Updated-/GoTLegends 4.21/Content/Core/DataBPs/CampaignData/Struct_CampaignMissions.uasset" 515
"../../../../../../GoTLegends-Updated-/GoTLegends 4.21/Content/Core/DataHolderBps/Campaigns/CampaignDataHolder_GOT.uasset" 516
"../../../../../../GoTLegends-Updated-/GoTLegends 4.21/Content/Core/DataHolderBps/Campaigns/CampaignDataHolder_BeyondTheWall.uasset" 517
"../../../../../../GoTLegends-Updated-/GoTLegends 4.21/Content/Core/DataHolderBps/Campaigns/CampaignDataHolder_DragonRising.uasset" 518
"../../../../../../GoTLegends-Updated-/GoTLegends 4.21/Content/Core/DataHolderBps/Campaigns/CampaignDataHolder_RobertsRebellion.uasset" 519
"../../../../../../GoTLegends-Updated-/GoTLegends 4.21/Content/Core/DataHolderBps/Campaigns/CampaignDataHolder_Warof5Kings.uasset" 520
"../../../../../../GoTLegends-Updated-/GoTLegends 4.21/Content/Core/UI/UI_Images/CampaignSelectorIcons/BeyondTheWall.uasset" 521
"../../../../../../GoTLegends-Updated-/GoTLegends 4.21/Content/Core/UI/UI_Images/CampaignSelectorIcons/DragonRising.uasset" 522
"../../../../../../GoTLegends-Updated-/GoTLegends 4.21/Content/Core/UI/UI_Images/CampaignSelectorIcons/GOT.uasset" 523
"../../../../../../GoTLegends-Updated-/GoTLegends 4.21/Content/Core/UI/UI_Images/CampaignSelectorIcons/RobertsRebellion.uasset" 524
"../../../../../../GoTLegends-Updated-/GoTLegends 4.21/Content/Core/UI/UI_Images/CampaignSelectorIcons/Warof5Kings.uasset" 525
"../../../../../../GoTLegends-Updated-/GoTLegends 4.21/Content/Core/DataBPs/CampaignData/DataTable_Campaigns.uasset" 526
"../../../../../../GoTLegends-Updated-/GoTLegends 4.21/Content/Core/UI/Widgets_Social/Widget_ChatEntry.uasset" 527
"../../../../../../GoTLegends-Updated-/GoTLegends 4.21/Content/Core/UI/Widgets_Social/Widget_HouseRosterIcon.uasset" 528
"../../../../../../GoTLegends-Updated-/GoTLegends 4.21/Content/Core/UI/Widgets_Social/Widget_HouseRoster.uasset" 529
"../../../../../../GoTLegends-Updated-/GoTLegends 4.21/Content/Core/UI/Widgets_Social/Widget_HouseMenu.uasset" 530
"../../../../../../GoTLegends-Updated-/GoTLegends 4.21/Content/Core/AudioTracks/1-TV_Themes_-_Game_Of_Thrones_Main_Title_Theme.uasset" 531
"../../../../../../GoTLegends-Updated-/GoTLegends 4.21/Content/Movies/ArchlichIntroVideo10801.uasset" 532
"../../../../../../GoTLegends-Updated-/GoTLegends 4.21/Content/Movies/UnrealFireSplash.uasset" 533
"../../../../../../GoTLegends-Updated-/GoTLegends 4.21/Content/Movies/Playlist.uasset" 534
"../../../../../../GoTLegends-Updated-/GoTLegends 4.21/Content/Core/UI/UI_Images/BrandingImages/Powered_By_GameSparks_RGB.uasset" 535
"../../../../../../GoTLegends-Updated-/GoTLegends 4.21/Content/Core/UI/UI_Images/BrandingImages/Unreal_Engine_Horiz_White.uasset" 536
"../../../../../../GoTLegends-Updated-/GoTLegends 4.21/Content/Core/UI/UI_Images/GameSplashScreen.uasset" 537
"../../../../../../GoTLegends-Updated-/GoTLegends 4.21/Content/Core/UI/SplashScreen.uasset" 538
"../../../../../../GoTLegends-Updated-/GoTLegends 4.21/Content/Core/UI/UI_Images/GoTIcon.uasset" 539
"../../../../../../GoTLegends-Updated-/GoTLegends 4.21/Content/Core/UI/UI_Images/Gem.uasset" 540
"../../../../../../GoTLegends-Updated-/GoTLegends 4.21/Content/Core/UI/Widget_PlayerLevelUp.uasset" 541
"../../../../../../GoTLegends-Updated-/GoTLegends 4.21/Content/Core/UI/DynamicSpacerWidget100.uasset" 542
"../../../../../../GoTLegends-Updated-/GoTLegends 4.21/Content/Core/UI/Widgets_CampaignWidgets/Widget_CampaignSelectorWidget.uasset" 543
"../../../../../../GoTLegends-Updated-/GoTLegends 4.21/Content/Core/UI/Widgets_CampaignWidgets/Widget_CampaignSelector.uasset" 544
"../../../../../../GoTLegends-Updated-/GoTLegends 4.21/Content/Core/UI/Widgets_Combat/Widget_Victory.uasset" 545
"../../../../../../GoTLegends-Updated-/GoTLegends 4.21/Content/Core/UI/UI_Images/ArchLichLogo.uasset" 546
"../../../../../../GoTLegends-Updated-/GoTLegends 4.21/Content/Core/UI/Widgets_Login/GameSparksRegistration.uasset" 547
"../../../../../../GoTLegends-Updated-/GoTLegends 4.21/Content/Core/UI/Widgets_Login/GameSparksLogin.uasset" 548
"../../../../../../GoTLegends-Updated-/GoTLegends 4.21/Content/Core/UI/Icons/ThroneArt.uasset" 549
"../../../../../../GoTLegends-Updated-/GoTLegends 4.21/Content/Core/DataBPs/LootTables/Enum_ChestType.uasset" 550
"../../../../../../GoTLegends-Updated-/GoTLegends 4.21/Content/Core/DataBPs/Struct_LootChests.uasset" 551
"../../../../../../GoTLegends-Updated-/GoTLegends 4.21/Content/Core/DataBPs/Enum_RewardRarity.uasset" 552
"../../../../../../GoTLegends-Updated-/GoTLegends 4.21/Content/Core/DataBPs/LootTables/EnumRewardTypes.uasset" 553
"../../../../../../GoTLegends-Updated-/GoTLegends 4.21/Content/Core/DataBPs/LootTables/Struct_RewardStruct.uasset" 554
"../../../../../../GoTLegends-Updated-/GoTLegends 4.21/Content/Core/DataBPs/LootTables/LootTable_PremiumChest.uasset" 555
"../../../../../../GoTLegends-Updated-/GoTLegends 4.21/Content/Core/UI/UI_Images/ChestIcon.uasset" 556
"../../../../../../GoTLegends-Updated-/GoTLegends 4.21/Content/Core/DataBPs/DataTable_LootChests.uasset" 557
"../../../../../../GoTLegends-Updated-/GoTLegends 4.21/Content/Core/UI/ShopUI/Widget_LootChestRewards.uasset" 558
"../../../../../../GoTLegends-Updated-/GoTLegends 4.21/Content/Core/UI/ShopUI/Widget_AreYouSureBUY.uasset" 559
"../../../../../../GoTLegends-Updated-/GoTLegends 4.21/Content/Core/UI/ShopUI/Widget_LootChestIcons.uasset" 560
"../../../../../../GoTLegends-Updated-/GoTLegends 4.21/Content/Core/UI/ShopUI/Widget_ShopWindow.uasset" 561
"../../../../../../GoTLegends-Updated-/GoTLegends 4.21/Content/Core/UI/ShopUI/Widget_OfferRewards.uasset" 562
"../../../../../../GoTLegends-Updated-/GoTLegends 4.21/Content/Core/UI/ShopUI/Widget_AreYouSureBUYOffers.uasset" 563
"../../../../../../GoTLegends-Updated-/GoTLegends 4.21/Content/Core/UI/UI_Images/1340Crystals.uasset" 564
"../../../../../../GoTLegends-Updated-/GoTLegends 4.21/Content/Core/UI/UI_Images/15710Crystals.uasset" 565
"../../../../../../GoTLegends-Updated-/GoTLegends 4.21/Content/Core/UI/UI_Images/220Crystals.uasset" 566
"../../../../../../GoTLegends-Updated-/GoTLegends 4.21/Content/Core/UI/UI_Images/2800Crystals.uasset" 567
"../../../../../../GoTLegends-Updated-/GoTLegends 4.21/Content/Core/UI/UI_Images/610Crystals.uasset" 568
"../../../../../../GoTLegends-Updated-/GoTLegends 4.21/Content/Core/UI/UI_Images/7370Crystals.uasset" 569
"../../../../../../GoTLegends-Updated-/GoTLegends 4.21/Content/Core/UI/ShopUI/WidgetOffersWindow.uasset" 570
"../../../../../../GoTLegends-Updated-/GoTLegends 4.21/Content/Core/UI/TimerScreen.uasset" 571
"../../../../../../GoTLegends-Updated-/GoTLegends 4.21/Content/Core/UI/UI_Images/FriendIcon.uasset" 572
"../../../../../../GoTLegends-Updated-/GoTLegends 4.21/Content/Core/UI/UI_Images/MailIcon.uasset" 573
"../../../../../../GoTLegends-Updated-/GoTLegends 4.21/Content/Core/UI/UI_Images/OfferIcon.uasset" 574
"../../../../../../GoTLegends-Updated-/GoTLegends 4.21/Content/Core/UI/UI_Images/OptionsIcon2.uasset" 575
"../../../../../../GoTLegends-Updated-/GoTLegends 4.21/Content/Core/UI/UI_Images/RosterIcon.uasset" 576
"../../../../../../GoTLegends-Updated-/GoTLegends 4.21/Content/Core/UI/UI_Images/Trophy_Icon.uasset" 577
"../../../../../../GoTLegends-Updated-/GoTLegends 4.21/Content/Core/UI/Widgets_MainMenu/Widget_TcPLeaderboardEntry.uasset" 578
"../../../../../../GoTLegends-Updated-/GoTLegends 4.21/Content/Core/UI/Widgets_MainMenu/Widget_TCPLeaderboard.uasset" 579
"../../../../../../GoTLegends-Updated-/GoTLegends 4.21/Content/Core/UI/Widgets_MainMenu/Widget_PlayerProfileScreen.uasset" 580
"../../../../../../GoTLegends-Updated-/GoTLegends 4.21/Content/Core/UI/Widgets_Social/Widget_FriendsList.uasset" 581
"../../../../../../GoTLegends-Updated-/GoTLegends 4.21/Content/Core/UI/Widgets_Social/Widget_HouseCreation.uasset" 582
"../../../../../../GoTLegends-Updated-/GoTLegends 4.21/Content/Core/UI/Widgets_Social/Widget_HouseListIcons.uasset" 583
"../../../../../../GoTLegends-Updated-/GoTLegends 4.21/Content/Core/UI/Widgets_Social/Widget_HouseList.uasset" 584
"../../../../../../GoTLegends-Updated-/GoTLegends 4.21/Content/Core/UI/Widgets_Social/Widget_HouseMenuSelector.uasset" 585
"../../../../../../GoTLegends-Updated-/GoTLegends 4.21/Content/Core/UI/Widgets_MainMenu/Widget_MainMenu.uasset" 586
"../../../../../../GoTLegends-Updated-/GoTLegends 4.21/Content/Core/Blueprints/GOTGameMode.uasset" 587
"../../../../../../GoTLegends-Updated-/GoTLegends 4.21/Content/Core/Maps/TopDownExampleMap_BuiltData.uasset" 588
"../../../../../../GoTLegends-Updated-/GoTLegends 4.21/Content/Geometry/Meshes/CubeMaterial.uasset" 589
"../../../../../../GoTLegends-Updated-/GoTLegends 4.21/Content/Geometry/Meshes/1M_Cube.uasset" 590
"../../../../../../GoTLegends-Updated-/GoTLegends 4.21/Content/Core/Maps/TopDownExampleMap.umap" 591
