"E:/GoTLegends(Updated)/GoTLegends 4.21/Content/Movies/MediaPlayer.uasset" 0
"E:/GoTLegends(Updated)/GoTLegends 4.21/Content/Movies/MediaPlayer_Video.uasset" 1
"../../../Engine/Content/Functions/Engine_MaterialFunctions01/Opacity/CameraDepthFade.uasset" 2
"../../../Engine/Content/EngineMaterials/T_Default_Material_Grid_M.uasset" 3
"../../../Engine/Content/EngineMaterials/T_Default_Material_Grid_N.uasset" 4
"../../../Engine/Content/EngineMaterials/WorldGridMaterial.uasset" 5
"../../../Engine/Content/ArtTools/RenderToTexture/Meshes/S_1_Unit_Plane.uasset" 6
"../../../Engine/Content/EngineMaterials/DefaultMaterial.uasset" 7
"../../../Engine/Content/BasicShapes/Cone.uasset" 8
"../../../Engine/Content/BasicShapes/Cube.uasset" 9
"../../../Engine/Content/BasicShapes/Cylinder.uasset" 10
"../../../Engine/Content/BasicShapes/Plane.uasset" 11
"../../../Engine/Content/BasicShapes/Sphere.uasset" 12
"../../../Engine/Content/EditorLandscapeResources/DataLayer.uasset" 13
"../../../Engine/Content/EditorMaterials/GizmoMaterial.uasset" 14
"../../../Engine/Content/EditorMaterials/MAT_Groups_Toggle.uasset" 15
"../../../Engine/Content/EditorMaterials/MAT_Groups_Visibility.uasset" 16
"../../../Engine/Content/EditorMaterials/PreviewShadowIndicator.uasset" 17
"../../../Engine/Content/EditorMaterials/PreviewShadowIndicatorMaterial.uasset" 18
"../../../Engine/Content/EditorMaterials/MatineeGroups/MAT_ColorTrack.uasset" 19
"../../../Engine/Content/EditorMaterials/MatineeGroups/MAT_Groups_Anim.uasset" 20
"../../../Engine/Content/EditorMaterials/MatineeGroups/MAT_Groups_AudioMaster.uasset" 21
"../../../Engine/Content/EditorMaterials/MatineeGroups/MAT_Groups_Director.uasset" 22
"../../../Engine/Content/EditorMaterials/MatineeGroups/MAT_Groups_Event.uasset" 23
"../../../Engine/Content/EditorMaterials/MatineeGroups/MAT_Groups_Fade.uasset" 24
"../../../Engine/Content/EditorMaterials/MatineeGroups/MAT_Groups_Float.uasset" 25
"../../../Engine/Content/EditorMaterials/MatineeGroups/MAT_Groups_Move.uasset" 26
"../../../Engine/Content/EditorMaterials/MatineeGroups/MAT_Groups_Slomo.uasset" 27
"../../../Engine/Content/EditorMaterials/MatineeGroups/MAT_Groups_Sound.uasset" 28
"../../../Engine/Content/EditorMaterials/MatineeGroups/MAT_Groups_Vector.uasset" 29
"../../../Engine/Content/EditorMaterials/ParticleSystems/PSysThumbnail_NoImage.uasset" 30
"../../../Engine/Content/EditorMaterials/ParticleSystems/PSysThumbnail_OOD.uasset" 31
"../../../Engine/Content/EditorMaterials/Camera/CineMat.uasset" 32
"../../../Engine/Content/EditorMaterials/Camera/MI_CineMat_Rig.uasset" 33
"../../../Engine/Content/EditorMeshes/Camera/SM_CraneRig_Arm.uasset" 34
"../../../Engine/Content/EditorMeshes/Camera/SM_CraneRig_Base.uasset" 35
"../../../Engine/Content/EditorMeshes/Camera/SM_CraneRig_Body.uasset" 36
"../../../Engine/Content/EditorMeshes/Camera/SM_CraneRig_Mount.uasset" 37
"../../../Engine/Content/EditorMeshes/Camera/SM_RailRig_Mount.uasset" 38
"../../../Engine/Content/EditorMeshes/Camera/SM_RailRig_Track.uasset" 39
"../../../Engine/Content/EditorResources/BSPVertex.uasset" 40
"../../../Engine/Content/EditorResources/EmptyActor.uasset" 41
"../../../Engine/Content/EditorResources/S_Actor.uasset" 42
"../../../Engine/Content/EditorResources/S_Trigger.uasset" 43
"../../../Engine/Content/EditorResources/LightIcons/S_LightError.uasset" 44
"../../../Engine/Content/EditorResources/SequenceRecorder/Countdown.uasset" 45
"../../../Engine/Content/EditorResources/SequenceRecorder/RecordingIndicator.uasset" 46
"../../../Engine/Content/EditorSounds/Notifications/CompileFailed.uasset" 47
"../../../Engine/Content/EditorSounds/Notifications/CompileFailed_Cue.uasset" 48
"../../../Engine/Content/EditorSounds/Notifications/CompileSuccess.uasset" 49
"../../../Engine/Content/EditorSounds/Notifications/CompileStart_Cue.uasset" 50
"../../../Engine/Content/EditorSounds/Notifications/CompileSuccess_Cue.uasset" 51
"../../../Engine/Content/EngineDamageTypes/DmgTypeBP_Environmental.uasset" 52
"../../../Engine/Content/EngineDebugMaterials/HeatmapGradient.uasset" 53
"../../../Engine/Content/EngineDebugMaterials/BoneWeightMaterial.uasset" 54
"../../../Engine/Content/EngineDebugMaterials/ClothMaterial.uasset" 55
"../../../Engine/Content/EngineDebugMaterials/ClothMaterial_WF.uasset" 56
"../../../Engine/Content/EngineDebugMaterials/DebugEditorMaterial.uasset" 57
"../../../Engine/Content/EngineDebugMaterials/DebugMeshMaterial.uasset" 58
"../../../Engine/Content/EngineDebugMaterials/GeomMaterial.uasset" 59
"../../../Engine/Content/EngineDebugMaterials/M_SimpleTranslucent.uasset" 60
"../../../Engine/Content/EngineFonts/Faces/RobotoBold.uasset" 61
"../../../Engine/Content/EngineFonts/Faces/RobotoBoldItalic.uasset" 62
"../../../Engine/Content/EngineFonts/Faces/RobotoItalic.uasset" 63
"../../../Engine/Content/EngineFonts/Faces/RobotoLight.uasset" 64
"../../../Engine/Content/EngineFonts/Faces/RobotoRegular.uasset" 65
"../../../Engine/Content/EngineFonts/Roboto.uasset" 66
"../../../Engine/Content/EngineFonts/Faces/RobotoTiny.uasset" 67
"../../../Engine/Content/EngineFonts/RobotoTiny.uasset" 68
"../../../Engine/Content/EngineMaterials/BaseFlattenDiffuseMap.uasset" 69
"../../../Engine/Content/EngineMaterials/BaseFlattenEmissiveMap.uasset" 70
"../../../Engine/Content/EngineMaterials/BaseFlattenGrayscaleMap.uasset" 71
"../../../Engine/Content/EngineMaterials/BaseFlattenNormalMap.uasset" 72
"../../../Engine/Content/EngineMaterials/BaseFlattenMaterial.uasset" 73
"../../../Engine/Content/EngineMaterials/DefaultBloomKernel.uasset" 74
"../../../Engine/Content/EngineMaterials/DefaultBokeh.uasset" 75
"../../../Engine/Content/EngineMaterials/DefaultDiffuse.uasset" 76
"../../../Engine/Content/EngineMaterials/DefaultDeferredDecalMaterial.uasset" 77
"../../../Engine/Content/EngineMaterials/DefaultLightFunctionMaterial.uasset" 78
"../../../Engine/Content/EngineMaterials/DefaultPhysicalMaterial.uasset" 79
"../../../Engine/Content/Functions/Engine_MaterialFunctions02/Utility/BreakOutFloat2Components.uasset" 80
"../../../Engine/Content/EngineMaterials/DefaultPostProcessMaterial.uasset" 81
"../../../Engine/Content/EngineFonts/RobotoDistanceField.uasset" 82
"../../../Engine/Content/EngineMaterials/DefaultTextMaterialOpaque.uasset" 83
"../../../Engine/Content/EngineMaterials/DefaultWhiteGrid.uasset" 84
"../../../Engine/Content/EngineMaterials/EditorBrushMaterial.uasset" 85
"../../../Engine/Content/EngineMaterials/Good64x64TilingNoiseHighFreq.uasset" 86
"../../../Engine/Content/EngineMaterials/MiniFont.uasset" 87
"../../../Engine/Content/EngineMaterials/InvalidLightmapSettings.uasset" 88
"../../../Engine/Content/EngineMaterials/M_InvalidLightmapSettings.uasset" 89
"../../../Engine/Content/Functions/Engine_MaterialFunctions02/WorldPositionOffset/CameraOffset.uasset" 90
"../../../Engine/Content/EngineMaterials/PhAT_JointLimitMaterial.uasset" 91
"../../../Engine/Content/EngineMaterials/PreintegratedSkinBRDF.uasset" 92
"../../../Engine/Content/EngineMaterials/RemoveSurfaceMaterial.uasset" 93
"../../../Engine/Content/EngineMaterials/WeightMapPlaceholderTexture.uasset" 94
"../../../Engine/Content/EngineResources/WhiteSquareTexture.uasset" 95
"../../../Engine/Content/EngineMaterials/Widget3DPassThrough.uasset" 96
"../../../Engine/Content/EngineMaterials/Widget3DPassThrough_Masked.uasset" 97
"../../../Engine/Content/EngineMaterials/Widget3DPassThrough_Opaque.uasset" 98
"../../../Engine/Content/EngineMaterials/Widget3DPassThrough_Masked_OneSided.uasset" 99
"../../../Engine/Content/EngineMaterials/Widget3DPassThrough_Opaque_OneSided.uasset" 100
"../../../Engine/Content/EngineMaterials/Widget3DPassThrough_Translucent.uasset" 101
"../../../Engine/Content/EngineMaterials/Widget3DPassThrough_Translucent_OneSided.uasset" 102
"../../../Engine/Content/EngineMeshes/Cylinder.uasset" 103
"../../../Engine/Content/EngineMeshes/Sphere.uasset" 104
"../../../Engine/Content/EngineResources/Black.uasset" 105
"../../../Engine/Content/EngineResources/DefaultTexture.uasset" 106
"../../../Engine/Content/EngineResources/DefaultTextureCube.uasset" 107
"../../../Engine/Content/EngineResources/DefaultVolumeTexture2D.uasset" 108
"../../../Engine/Content/EngineResources/DefaultVolumeTexture.uasset" 109
"../../../Engine/Content/EngineResources/GradientTexture0.uasset" 110
"../../../Engine/Content/EngineSounds/Master.uasset" 111
"../../../Engine/Content/Functions/Engine_MaterialFunctions01/Shading/ConvertFromDiffSpec.uasset" 112
"../../../Engine/Content/Functions/Engine_MaterialFunctions01/Shading/PowerToRoughness.uasset" 113
"../../../Engine/Content/Maps/Templates/Thumbnails/Default.uasset" 114
"../../../Engine/Content/Maps/Templates/Thumbnails/VR-Basic.uasset" 115
"../../../Engine/Content/MobileResources/T_MobileControls_texture.uasset" 116
"../../../Engine/Content/MobileResources/T_MobileMenu2.uasset" 117
"../../../Engine/Content/MobileResources/HUD/AnalogHat.uasset" 118
"../../../Engine/Content/MobileResources/HUD/VirtualJoystick_Background.uasset" 119
"../../../Engine/Content/MobileResources/HUD/VirtualJoystick_Thumb.uasset" 120
"../../../Engine/Content/MobileResources/HUD/DefaultVirtualJoysticks.uasset" 121
"../../../Engine/Content/MobileResources/HUD/LeftVirtualJoystickOnly.uasset" 122
"../../../Engine/Content/MobileResources/HUD/MobileHUDButton1_off.uasset" 123
"../../../Engine/Content/MobileResources/HUD/MobileHUDButton1_on.uasset" 124
"../../../Engine/Content/MobileResources/HUD/MobileHUDButton2_off.uasset" 125
"../../../Engine/Content/MobileResources/HUD/MobileHUDButton2_on.uasset" 126
"../../../Engine/Content/MobileResources/HUD/MobileHUDButton3.uasset" 127
"../../../Engine/Content/MobileResources/HUD/MobileHUDButtonFire.uasset" 128
"../../../Engine/Content/MobileResources/HUD/MobileHUDDirectionPad.uasset" 129
"../../../Engine/Content/MobileResources/HUD/MobileHUDDirectionPad2.uasset" 130
"../../../Engine/Content/MobileResources/HUD/MobileHUDDirectionPad3.uasset" 131
"../../../Engine/Content/MobileResources/HUD/MobileHUDDirectionStick.uasset" 132
"../../../Engine/Content/MobileResources/HUD/T_Castle_ThumbstickInner.uasset" 133
"../../../Engine/Content/MobileResources/HUD/T_Castle_ThumbstickOutter.uasset" 134
"../../../Engine/Content/Tutorial/ContentIntroCurve.uasset" 135
"../../../Engine/Content/VREditor/LaserPointer/VR_LaserPower_01.uasset" 136
"../../../Engine/Content/VREditor/TransformGizmo/TransformGizmoMaterial.uasset" 137
"../../../Engine/Content/VREditor/TransformGizmo/TranslucentTransformGizmoMaterial.uasset" 138
"../../../Engine/Content/VREditor/TransformGizmo/BoundingBoxCorner.uasset" 139
"../../../Engine/Content/VREditor/TransformGizmo/BoundingBoxEdge.uasset" 140
"../../../Engine/Content/VREditor/TransformGizmo/PlaneTranslationHandle.uasset" 141
"../../../Engine/Content/VREditor/TransformGizmo/Main.uasset" 142
"../../../Engine/Content/VREditor/TransformGizmo/Xray.uasset" 143
"../../../Engine/Content/VREditor/TransformGizmo/SM_Sequencer_Key.uasset" 144
"../../../Engine/Content/VREditor/TransformGizmo/SM_Sequencer_Node.uasset" 145
"../../Plugins/2D/Paper2D/Content/PlaceholderTextures/DummySpriteTexture.uasset" 146
"../../Plugins/2D/Paper2D/Content/DummySprite.uasset" 147
"../../Plugins/2D/Paper2D/Content/DefaultPaperTerrainMaterial.uasset" 148
"../../Plugins/2D/Paper2D/Content/DefaultSpriteMaterial.uasset" 149
"../../Plugins/2D/Paper2D/Content/MaskedUnlitSpriteMaterial.uasset" 150
"../../Plugins/2D/Paper2D/Content/OpaqueUnlitSpriteMaterial.uasset" 151
"../../Plugins/Runtime/Oculus/OculusVR/Content/Materials/PokeAHoleMaterial.uasset" 152
"../../Plugins/Runtime/Oculus/OculusVR/Content/Textures/GearVRController_AO.uasset" 153
"../../Plugins/Runtime/Oculus/OculusVR/Content/Textures/GearVRController_Color.uasset" 154
"../../Plugins/Runtime/Oculus/OculusVR/Content/Textures/GearVRController_Normal.uasset" 155
"../../Plugins/Runtime/Oculus/OculusVR/Content/Materials/GearVRControllerMaterial.uasset" 156
"../../Plugins/Runtime/Oculus/OculusVR/Content/Meshes/GearVrController.uasset" 157
"../../Plugins/Runtime/Oculus/OculusVR/Content/Textures/touchController_albedo.uasset" 158
"../../Plugins/Runtime/Oculus/OculusVR/Content/Textures/touchController_controlmap.uasset" 159
"../../Plugins/Runtime/Oculus/OculusVR/Content/Materials/touchController_mat.uasset" 160
"../../Plugins/Runtime/Oculus/OculusVR/Content/Meshes/LeftTouchController.uasset" 161
"../../Plugins/Runtime/Oculus/OculusVR/Content/Meshes/RiftHMD.uasset" 162
"../../Plugins/Runtime/Oculus/OculusVR/Content/Meshes/RightTouchController.uasset" 163
"../../../Engine/Content/EditorBlueprintResources/StandardMacros.uasset" 164
"../../../Engine/Content/EngineSky/C_Sky_Cloud_Color.uasset" 165
"../../../Engine/Content/EngineSky/C_Sky_Horizon_Color.uasset" 166
"../../../Engine/Content/EngineSky/C_Sky_Zenith_Color.uasset" 167
"../../../Engine/Content/EngineSky/T_Sky_Blue.uasset" 168
"../../../Engine/Content/EngineSky/T_Sky_Clouds_M.uasset" 169
"../../../Engine/Content/EngineSky/T_Sky_Stars.uasset" 170
"../../../Engine/Content/EngineSky/M_Sky_Panning_Clouds2.uasset" 171
"../../../Engine/Content/EngineSky/SM_SkySphere.uasset" 172
"../../../Engine/Content/EngineSky/BP_Sky_Sphere.uasset" 173
"E:/GoTLegends(Updated)/GoTLegends 4.21/Content/CharacterCamera.uasset" 174
"E:/GoTLegends(Updated)/GoTLegends 4.21/Content/Core/DataBPs/CampaignData/Enum_CampaignStars.uasset" 175
"E:/GoTLegends(Updated)/GoTLegends 4.21/Content/Core/DataBPs/Enum_CharUnlocked.uasset" 176
"E:/GoTLegends(Updated)/GoTLegends 4.21/Content/Core/MasterClassBPs/MissionDataHolder_MasterClass.uasset" 177
"E:/GoTLegends(Updated)/GoTLegends 4.21/Content/Core/DataBPs/CampaignData/Enum_CampaignChapters.uasset" 178
"E:/GoTLegends(Updated)/GoTLegends 4.21/Content/Core/DataBPs/CampaignData/Enum_CampaignDifficulty.uasset" 179
"E:/GoTLegends(Updated)/GoTLegends 4.21/Content/Core/DataBPs/CampaignData/Enum_Campaigns.uasset" 180
"E:/GoTLegends(Updated)/GoTLegends 4.21/Content/Core/DataBPs/CampaignData/Enum_MissionNumbers.uasset" 181
"E:/GoTLegends(Updated)/GoTLegends 4.21/Content/Core/DataBPs/CampaignData/Enum_WaveNumber.uasset" 182
"../../../Engine/Content/EngineMeshes/Humanoid.uasset" 183
"E:/GoTLegends(Updated)/GoTLegends 4.21/Content/Mannequin/Character/Mesh/SK_Mannequin_Skeleton.uasset" 184
"E:/GoTLegends(Updated)/GoTLegends 4.21/Content/Mannequin/Animations/ThirdPersonJump_End.uasset" 185
"E:/GoTLegends(Updated)/GoTLegends 4.21/Content/Mannequin/Animations/ThirdPersonJump_Loop.uasset" 186
"E:/GoTLegends(Updated)/GoTLegends 4.21/Content/Mannequin/Animations/ThirdPersonJump_Start.uasset" 187
"E:/GoTLegends(Updated)/GoTLegends 4.21/Content/LongswordAnimsetPro/Animations/InPlace/Longs_Idle2.uasset" 188
"E:/GoTLegends(Updated)/GoTLegends 4.21/Content/LongswordAnimsetPro/Animations/InPlace/Longs_RunFwd.uasset" 189
"E:/GoTLegends(Updated)/GoTLegends 4.21/Content/LongswordAnimsetPro/Animations/InPlace/Longs_WalkFwd.uasset" 190
"E:/GoTLegends(Updated)/GoTLegends 4.21/Content/Mannequin/Animations/SwordIdleRun2d.uasset" 191
"E:/GoTLegends(Updated)/GoTLegends 4.21/Content/Mannequin/Animations/ThirdPersonIdle.uasset" 192
"E:/GoTLegends(Updated)/GoTLegends 4.21/Content/Mannequin/Animations/ThirdPersonRun.uasset" 193
"E:/GoTLegends(Updated)/GoTLegends 4.21/Content/Mannequin/Animations/ThirdPersonWalk.uasset" 194
"E:/GoTLegends(Updated)/GoTLegends 4.21/Content/Mannequin/Animations/ThirdPerson_IdleRun_2D.uasset" 195
"E:/GoTLegends(Updated)/GoTLegends 4.21/Content/Mannequin/Animations/ThirdPerson_AnimBP.uasset" 196
"E:/GoTLegends(Updated)/GoTLegends 4.21/Content/LongswordAnimsetPro/Animations/InPlace/Longs_Attack_L3.uasset" 197
"E:/GoTLegends(Updated)/GoTLegends 4.21/Content/GameCamera.uasset" 198
"E:/GoTLegends(Updated)/GoTLegends 4.21/Content/Core/DataBPs/RandomBPData/Stats.uasset" 199
"E:/GoTLegends(Updated)/GoTLegends 4.21/Content/Core/Blueprints/MainPlayerController.uasset" 200
"../../../Engine/Content/Functions/Engine_MaterialFunctions02/Utility/BlendAngleCorrectedNormals.uasset" 201
"../../../Engine/Content/Functions/MaterialLayerFunctions/MatLayerBlend_NormalBlend.uasset" 202
"../../../Engine/Content/Functions/MaterialLayerFunctions/MatLayerBlend_Simple.uasset" 203
"E:/GoTLegends(Updated)/GoTLegends 4.21/Content/Mannequin/Character/Materials/MaterialLayers/T_ML_Rubber_Blue_01_D.uasset" 204
"E:/GoTLegends(Updated)/GoTLegends 4.21/Content/Mannequin/Character/Materials/MaterialLayers/T_ML_Rubber_Blue_01_N.uasset" 205
"E:/GoTLegends(Updated)/GoTLegends 4.21/Content/Mannequin/Character/Materials/MaterialLayers/ML_GlossyBlack_Latex_UE4.uasset" 206
"E:/GoTLegends(Updated)/GoTLegends 4.21/Content/Mannequin/Character/Materials/MaterialLayers/ML_Plastic_Shiny_Beige.uasset" 207
"E:/GoTLegends(Updated)/GoTLegends 4.21/Content/Mannequin/Character/Textures/UE4_LOGO_CARD.uasset" 208
"E:/GoTLegends(Updated)/GoTLegends 4.21/Content/Mannequin/Character/Materials/MaterialLayers/ML_Plastic_Shiny_Beige_LOGO.uasset" 209
"E:/GoTLegends(Updated)/GoTLegends 4.21/Content/Mannequin/Character/Materials/MaterialLayers/T_ML_Aluminum01.uasset" 210
"E:/GoTLegends(Updated)/GoTLegends 4.21/Content/Mannequin/Character/Materials/MaterialLayers/T_ML_Aluminum01_N.uasset" 211
"E:/GoTLegends(Updated)/GoTLegends 4.21/Content/Mannequin/Character/Materials/MaterialLayers/ML_SoftMetal_UE4.uasset" 212
"E:/GoTLegends(Updated)/GoTLegends 4.21/Content/Mannequin/Character/Textures/T_UE4_Mannequin_Mobile_M.uasset" 213
"E:/GoTLegends(Updated)/GoTLegends 4.21/Content/Mannequin/Character/Textures/T_UE4_Mannequin_Mobile_N.uasset" 214
"E:/GoTLegends(Updated)/GoTLegends 4.21/Content/Mannequin/Character/Materials/M_UE4Man_Body.uasset" 215
"E:/GoTLegends(Updated)/GoTLegends 4.21/Content/Mannequin/Character/Textures/UE4Man_Logo_N.uasset" 216
"E:/GoTLegends(Updated)/GoTLegends 4.21/Content/Mannequin/Character/Materials/M_UE4Man_ChestLogo.uasset" 217
"E:/GoTLegends(Updated)/GoTLegends 4.21/Content/Mannequin/Character/Mesh/SK_Mannequin.uasset" 218
"E:/GoTLegends(Updated)/GoTLegends 4.21/Content/Core/MasterClassBPs/CharScreenModel_MasterClass.uasset" 219
"E:/GoTLegends(Updated)/GoTLegends 4.21/Content/Core/MasterClassBPs/ShipDataHolder_MasterClass.uasset" 220
"E:/GoTLegends(Updated)/GoTLegends 4.21/Content/Core/DataBPs/Enum_CharReleased.uasset" 221
"E:/GoTLegends(Updated)/GoTLegends 4.21/Content/Core/DataBPs/Enum_CharStarLevel.uasset" 222
"E:/GoTLegends(Updated)/GoTLegends 4.21/Content/Core/DataBPs/Enum_CharTag_HeroVillain.uasset" 223
"E:/GoTLegends(Updated)/GoTLegends 4.21/Content/Core/DataBPs/Enum_CharTags_GreatHouses.uasset" 224
"E:/GoTLegends(Updated)/GoTLegends 4.21/Content/Core/DataBPs/Enum_CharTags_Houses.uasset" 225
"E:/GoTLegends(Updated)/GoTLegends 4.21/Content/Core/DataBPs/Enum_CharTags_Organizations.uasset" 226
"E:/GoTLegends(Updated)/GoTLegends 4.21/Content/Core/DataBPs/Enum_CharTags_Regions.uasset" 227
"E:/GoTLegends(Updated)/GoTLegends 4.21/Content/Core/DataBPs/Enum_HeroesList.uasset" 228
"E:/GoTLegends(Updated)/GoTLegends 4.21/Content/Core/DataBPs/Enum_HeroType.uasset" 229
"E:/GoTLegends(Updated)/GoTLegends 4.21/Content/Core/DataBPs/Enum_IsCaptain.uasset" 230
"E:/GoTLegends(Updated)/GoTLegends 4.21/Content/Core/DataBPs/Enum_IsLeader.uasset" 231
"E:/GoTLegends(Updated)/GoTLegends 4.21/Content/Core/DataBPs/Structure_CharMultipliers.uasset" 232
"E:/GoTLegends(Updated)/GoTLegends 4.21/Content/Core/DataBPs/Struct_CharInfo.uasset" 233
"E:/GoTLegends(Updated)/GoTLegends 4.21/Content/Core/UI/UI_Images/BackgroundImage.uasset" 234
"E:/GoTLegends(Updated)/GoTLegends 4.21/Content/Core/UI/UI_Images/BookmarkImage.uasset" 235
"E:/GoTLegends(Updated)/GoTLegends 4.21/Content/Core/UI/UI_Images/MainMenuIcons/Image_BackButton.uasset" 236
"E:/GoTLegends(Updated)/GoTLegends 4.21/Content/Core/UI/UI_Images/MainMenuIcons/Image_HomeButton.uasset" 237
"E:/GoTLegends(Updated)/GoTLegends 4.21/Content/Core/UI/UI_Images/Star1.uasset" 238
"E:/GoTLegends(Updated)/GoTLegends 4.21/Content/Core/UI/UI_Images/Star2.uasset" 239
"E:/GoTLegends(Updated)/GoTLegends 4.21/Content/Core/UI/UI_Images/StatsIcon.uasset" 240
"E:/GoTLegends(Updated)/GoTLegends 4.21/Content/Core/DataBPs/LootTables/Enum_ChestType.uasset" 241
"E:/GoTLegends(Updated)/GoTLegends 4.21/Content/Core/DataBPs/Struct_LootChests.uasset" 242
"E:/GoTLegends(Updated)/GoTLegends 4.21/Content/Core/DataBPs/Enum_RewardRarity.uasset" 243
"E:/GoTLegends(Updated)/GoTLegends 4.21/Content/Core/DataBPs/LootTables/EnumRewardTypes.uasset" 244
"E:/GoTLegends(Updated)/GoTLegends 4.21/Content/Core/DataBPs/LootTables/Struct_RewardStruct.uasset" 245
"E:/GoTLegends(Updated)/GoTLegends 4.21/Content/Core/UI/Icons/Icon_AlliserThorne.uasset" 246
"E:/GoTLegends(Updated)/GoTLegends 4.21/Content/Core/UI/Icons/Icon_CerseriLannister.uasset" 247
"E:/GoTLegends(Updated)/GoTLegends 4.21/Content/Core/UI/Icons/Icon_DarrioNaharis.uasset" 248
"E:/GoTLegends(Updated)/GoTLegends 4.21/Content/Core/UI/Icons/Icon_ExileJorahMormont.uasset" 249
"E:/GoTLegends(Updated)/GoTLegends 4.21/Content/Core/UI/Icons/Icon_Grenn.uasset" 250
"E:/GoTLegends(Updated)/GoTLegends 4.21/Content/Core/UI/Icons/Icon_GreyWorm.uasset" 251
"E:/GoTLegends(Updated)/GoTLegends 4.21/Content/Core/UI/Icons/Icon_JaimeLannister.uasset" 252
"E:/GoTLegends(Updated)/GoTLegends 4.21/Content/Core/DataBPs/LootTables/LootTable_PremiumChest.uasset" 253
"E:/GoTLegends(Updated)/GoTLegends 4.21/Content/Core/UI/UI_Images/ChestIcons/GoldChest.uasset" 254
"E:/GoTLegends(Updated)/GoTLegends 4.21/Content/Core/UI/UI_Images/ChestIcons/PremiumChest.uasset" 255
"E:/GoTLegends(Updated)/GoTLegends 4.21/Content/Core/DataBPs/DataTable_LootChests.uasset" 256
"E:/GoTLegends(Updated)/GoTLegends 4.21/Content/Core/CharacterBPs/Character/Character_AlliserThorne.uasset" 257
"E:/GoTLegends(Updated)/GoTLegends 4.21/Content/Core/CharacterBPs/Character/Character_CerceiLannister.uasset" 258
"E:/GoTLegends(Updated)/GoTLegends 4.21/Content/Core/CharacterBPs/Character/Character_DaenerysTargaryen.uasset" 259
"E:/GoTLegends(Updated)/GoTLegends 4.21/Content/Core/CharacterBPs/Character/Character_DarrioNaharis.uasset" 260
"E:/GoTLegends(Updated)/GoTLegends 4.21/Content/Core/CharacterBPs/Character/Character_ExileJorahMormont.uasset" 261
"E:/GoTLegends(Updated)/GoTLegends 4.21/Content/Core/CharacterBPs/Character/Character_Grenn.uasset" 262
"E:/GoTLegends(Updated)/GoTLegends 4.21/Content/Core/CharacterBPs/Character/Character_GreyWorm.uasset" 263
"E:/GoTLegends(Updated)/GoTLegends 4.21/Content/Core/CharacterBPs/Character/Character_HOTKEddardStark.uasset" 264
"E:/GoTLegends(Updated)/GoTLegends 4.21/Content/Core/CharacterBPs/Character/Character_JaimeLannister.uasset" 265
"E:/GoTLegends(Updated)/GoTLegends 4.21/Content/Core/CharacterBPs/Character/Character_JoffreyBaratheon.uasset" 266
"E:/GoTLegends(Updated)/GoTLegends 4.21/Content/Core/CharacterBPs/Character/Character_JonSnow.uasset" 267
"E:/GoTLegends(Updated)/GoTLegends 4.21/Content/Core/CharacterBPs/Character/Character_KaleesiDaenerys.uasset" 268
"E:/GoTLegends(Updated)/GoTLegends 4.21/Content/Core/CharacterBPs/Character/Character_KhalDrogo.uasset" 269
"E:/GoTLegends(Updated)/GoTLegends 4.21/Content/Core/CharacterBPs/Character/Character_LCJonSnow.uasset" 270
"E:/GoTLegends(Updated)/GoTLegends 4.21/Content/Core/CharacterBPs/Character/Character_LorasTyrell.uasset" 271
"E:/GoTLegends(Updated)/GoTLegends 4.21/Content/Core/CharacterBPs/Character/Character_LordCommanderMormont.uasset" 272
"E:/GoTLegends(Updated)/GoTLegends 4.21/Content/Core/CharacterBPs/Character/Character_LordEddardStark.uasset" 273
"E:/GoTLegends(Updated)/GoTLegends 4.21/Content/Core/CharacterBPs/Character/Character_MagistrateIllyrio.uasset" 274
"E:/GoTLegends(Updated)/GoTLegends 4.21/Content/Core/CharacterBPs/Character/Character_Missandei.uasset" 275
"E:/GoTLegends(Updated)/GoTLegends 4.21/Content/Core/CharacterBPs/Character/Character_MoDDaenerys.uasset" 276
"E:/GoTLegends(Updated)/GoTLegends 4.21/Content/Core/CharacterBPs/Character/Character_PeterBaelish.uasset" 277
"E:/GoTLegends(Updated)/GoTLegends 4.21/Content/Core/CharacterBPs/Character/Character_Pyp.uasset" 278
"E:/GoTLegends(Updated)/GoTLegends 4.21/Content/Core/CharacterBPs/Character/Character_QueensguardJorah.uasset" 279
"E:/GoTLegends(Updated)/GoTLegends 4.21/Content/Core/CharacterBPs/Character/Character_RenlyBaratheon.uasset" 280
"E:/GoTLegends(Updated)/GoTLegends 4.21/Content/Core/CharacterBPs/Character/Character_RobertBaratheon.uasset" 281
"E:/GoTLegends(Updated)/GoTLegends 4.21/Content/Core/CharacterBPs/Character/Character_SamwellTarly.uasset" 282
"E:/GoTLegends(Updated)/GoTLegends 4.21/Content/Core/CharacterBPs/Character/Character_SandorClegane.uasset" 283
"E:/GoTLegends(Updated)/GoTLegends 4.21/Content/Core/CharacterBPs/Character/Character_StannisBaratheon.uasset" 284
"E:/GoTLegends(Updated)/GoTLegends 4.21/Content/Core/CharacterBPs/Character/Character_TyrionLannister.uasset" 285
"E:/GoTLegends(Updated)/GoTLegends 4.21/Content/Core/CharacterBPs/Character/Character_TywinLannister.uasset" 286
"E:/GoTLegends(Updated)/GoTLegends 4.21/Content/Core/CharacterBPs/Character/Character_ViserysTargaryen.uasset" 287
"E:/GoTLegends(Updated)/GoTLegends 4.21/Content/Core/CharScreenModelBPs/CharScreenModel_AlliserThorne.uasset" 288
"E:/GoTLegends(Updated)/GoTLegends 4.21/Content/Core/CharScreenModelBPs/CharScreenModel_CerseiLannister.uasset" 289
"E:/GoTLegends(Updated)/GoTLegends 4.21/Content/Core/CharScreenModelBPs/CharScreenModel_DaenerysTargaryen.uasset" 290
"E:/GoTLegends(Updated)/GoTLegends 4.21/Content/Core/CharScreenModelBPs/CharScreenModel_DarrioNaharis.uasset" 291
"E:/GoTLegends(Updated)/GoTLegends 4.21/Content/Core/CharScreenModelBPs/CharScreenModel_ExileJorahMormont.uasset" 292
"E:/GoTLegends(Updated)/GoTLegends 4.21/Content/Core/CharScreenModelBPs/CharScreenModel_Grenn.uasset" 293
"E:/GoTLegends(Updated)/GoTLegends 4.21/Content/Core/CharScreenModelBPs/CharScreenModel_GreyWorm.uasset" 294
"E:/GoTLegends(Updated)/GoTLegends 4.21/Content/Core/CharScreenModelBPs/CharScreenModel_HOTKEddardStark.uasset" 295
"E:/GoTLegends(Updated)/GoTLegends 4.21/Content/Core/CharScreenModelBPs/CharScreenModel_JaimeLannister.uasset" 296
"E:/GoTLegends(Updated)/GoTLegends 4.21/Content/Core/CharScreenModelBPs/CharScreenModel_JoffreyBaratheon.uasset" 297
"E:/GoTLegends(Updated)/GoTLegends 4.21/Content/Core/CharScreenModelBPs/CharScreenModel_JonSnow.uasset" 298
"E:/GoTLegends(Updated)/GoTLegends 4.21/Content/Core/CharScreenModelBPs/CharScreenModel_KaleesiDaenerys.uasset" 299
"E:/GoTLegends(Updated)/GoTLegends 4.21/Content/Core/CharScreenModelBPs/CharScreenModel_KhalDrogo.uasset" 300
"E:/GoTLegends(Updated)/GoTLegends 4.21/Content/Core/CharScreenModelBPs/CharScreenModel_LCJonSnow.uasset" 301
"E:/GoTLegends(Updated)/GoTLegends 4.21/Content/Core/CharScreenModelBPs/CharScreenModel_LCMormont.uasset" 302
"E:/GoTLegends(Updated)/GoTLegends 4.21/Content/Core/CharScreenModelBPs/CharScreenModel_LorasTyrell.uasset" 303
"E:/GoTLegends(Updated)/GoTLegends 4.21/Content/Core/CharScreenModelBPs/CharScreenModel_LordEddardStark.uasset" 304
"E:/GoTLegends(Updated)/GoTLegends 4.21/Content/Core/CharScreenModelBPs/CharScreenModel_MagistrateIllyrio.uasset" 305
"E:/GoTLegends(Updated)/GoTLegends 4.21/Content/Core/CharScreenModelBPs/CharScreenModel_Missandei.uasset" 306
"E:/GoTLegends(Updated)/GoTLegends 4.21/Content/Core/CharScreenModelBPs/CharScreenModel_MODDaenerys.uasset" 307
"E:/GoTLegends(Updated)/GoTLegends 4.21/Content/Core/CharScreenModelBPs/CharScreenModel_PetyrBaelish.uasset" 308
"E:/GoTLegends(Updated)/GoTLegends 4.21/Content/Core/CharScreenModelBPs/CharScreenModel_Pyp.uasset" 309
"E:/GoTLegends(Updated)/GoTLegends 4.21/Content/Core/CharScreenModelBPs/CharScreenModel_QueensguardJorahMormont.uasset" 310
"E:/GoTLegends(Updated)/GoTLegends 4.21/Content/Core/CharScreenModelBPs/CharScreenModel_RenleyBaratheon.uasset" 311
"E:/GoTLegends(Updated)/GoTLegends 4.21/Content/Core/CharScreenModelBPs/CharScreenModel_RobertBaratheon.uasset" 312
"E:/GoTLegends(Updated)/GoTLegends 4.21/Content/Core/CharScreenModelBPs/CharScreenModel_SamwellTarly.uasset" 313
"E:/GoTLegends(Updated)/GoTLegends 4.21/Content/Core/CharScreenModelBPs/CharScreenModel_SandorClegane.uasset" 314
"E:/GoTLegends(Updated)/GoTLegends 4.21/Content/Core/CharScreenModelBPs/CharScreenModel_StannisBaratheon.uasset" 315
"E:/GoTLegends(Updated)/GoTLegends 4.21/Content/Core/CharScreenModelBPs/CharScreenModel_TyrionLannister.uasset" 316
"E:/GoTLegends(Updated)/GoTLegends 4.21/Content/Core/CharScreenModelBPs/CharScreenModel_TywinLannister.uasset" 317
"E:/GoTLegends(Updated)/GoTLegends 4.21/Content/Core/CharScreenModelBPs/CharScreenModel_ViserysTargaryen.uasset" 318
"E:/GoTLegends(Updated)/GoTLegends 4.21/Content/Core/DataHolderBps/Character/CharDataHolder_AlliserThorne.uasset" 319
"E:/GoTLegends(Updated)/GoTLegends 4.21/Content/Core/DataHolderBps/Character/CharDataHolder_CerceiLannister.uasset" 320
"E:/GoTLegends(Updated)/GoTLegends 4.21/Content/Core/DataHolderBps/Character/CharDataHolder_DaenerysTargaryen.uasset" 321
"E:/GoTLegends(Updated)/GoTLegends 4.21/Content/Core/DataHolderBps/Character/CharDataHolder_DarrioNaharis.uasset" 322
"E:/GoTLegends(Updated)/GoTLegends 4.21/Content/Core/DataHolderBps/Character/CharDataHolder_ExileJorah.uasset" 323
"E:/GoTLegends(Updated)/GoTLegends 4.21/Content/Core/DataHolderBps/Character/CharDataHolder_Grenn.uasset" 324
"E:/GoTLegends(Updated)/GoTLegends 4.21/Content/Core/DataHolderBps/Character/CharDataHolder_GreyWorm.uasset" 325
"E:/GoTLegends(Updated)/GoTLegends 4.21/Content/Core/DataHolderBps/Character/CharDataHolder_HOTKEddardStark.uasset" 326
"E:/GoTLegends(Updated)/GoTLegends 4.21/Content/Core/DataHolderBps/Character/CharDataHolder_JaimeLannister.uasset" 327
"E:/GoTLegends(Updated)/GoTLegends 4.21/Content/Core/DataHolderBps/Character/CharDataHolder_JoffreyBaratheon.uasset" 328
"E:/GoTLegends(Updated)/GoTLegends 4.21/Content/Core/DataHolderBps/Character/CharDataHolder_JonSnow.uasset" 329
"E:/GoTLegends(Updated)/GoTLegends 4.21/Content/Core/DataHolderBps/Character/CharDataHolder_KaleesiDaenerys.uasset" 330
"E:/GoTLegends(Updated)/GoTLegends 4.21/Content/Core/DataHolderBps/Character/CharDataHolder_KhalDrogo.uasset" 331
"E:/GoTLegends(Updated)/GoTLegends 4.21/Content/Core/DataHolderBps/Character/CharDataHolder_LCJonSnow.uasset" 332
"E:/GoTLegends(Updated)/GoTLegends 4.21/Content/Core/DataHolderBps/Character/CharDataHolder_LCMormont.uasset" 333
"E:/GoTLegends(Updated)/GoTLegends 4.21/Content/Core/DataHolderBps/Character/CharDataHolder_LorasTyrell.uasset" 334
"E:/GoTLegends(Updated)/GoTLegends 4.21/Content/Core/DataHolderBps/Character/CharDataHolder_LordEddardStark.uasset" 335
"E:/GoTLegends(Updated)/GoTLegends 4.21/Content/Core/DataHolderBps/Character/CharDataHolder_MagistrateIllyrio.uasset" 336
"E:/GoTLegends(Updated)/GoTLegends 4.21/Content/Core/DataHolderBps/Character/CharDataHolder_Missandei.uasset" 337
"E:/GoTLegends(Updated)/GoTLegends 4.21/Content/Core/DataHolderBps/Character/CharDataHolder_MODDaenerys.uasset" 338
"E:/GoTLegends(Updated)/GoTLegends 4.21/Content/Core/DataHolderBps/Character/CharDataHolder_PeterBaelish.uasset" 339
"E:/GoTLegends(Updated)/GoTLegends 4.21/Content/Core/DataHolderBps/Character/CharDataHolder_Pyp.uasset" 340
"E:/GoTLegends(Updated)/GoTLegends 4.21/Content/Core/DataHolderBps/Character/CharDataHolder_QueensGuardJorah.uasset" 341
"E:/GoTLegends(Updated)/GoTLegends 4.21/Content/Core/DataHolderBps/Character/CharDataHolder_RenlyBaratheon.uasset" 342
"E:/GoTLegends(Updated)/GoTLegends 4.21/Content/Core/DataHolderBps/Character/CharDataHolder_RobertBaratheon.uasset" 343
"E:/GoTLegends(Updated)/GoTLegends 4.21/Content/Core/DataHolderBps/Character/CharDataHolder_SamwellTarly.uasset" 344
"E:/GoTLegends(Updated)/GoTLegends 4.21/Content/Core/DataHolderBps/Character/CharDataHolder_SandorClegane.uasset" 345
"E:/GoTLegends(Updated)/GoTLegends 4.21/Content/Core/DataHolderBps/Character/CharDataHolder_StannisBaratheon.uasset" 346
"E:/GoTLegends(Updated)/GoTLegends 4.21/Content/Core/DataHolderBps/Character/CharDataHolder_TyrionLannister.uasset" 347
"E:/GoTLegends(Updated)/GoTLegends 4.21/Content/Core/DataHolderBps/Character/CharDataHolder_TywinLannister.uasset" 348
"E:/GoTLegends(Updated)/GoTLegends 4.21/Content/Core/DataHolderBps/Character/CharDataHolder_ViserysTargaryen.uasset" 349
"E:/GoTLegends(Updated)/GoTLegends 4.21/Content/Core/UI/Icons/Icon_DaenerysTargaryen.uasset" 350
"E:/GoTLegends(Updated)/GoTLegends 4.21/Content/Core/UI/Icons/Icon_HOTKEddardStark.uasset" 351
"E:/GoTLegends(Updated)/GoTLegends 4.21/Content/Core/UI/Icons/Icon_JoffreyBaratheon.uasset" 352
"E:/GoTLegends(Updated)/GoTLegends 4.21/Content/Core/UI/Icons/Icon_JonSnow.uasset" 353
"E:/GoTLegends(Updated)/GoTLegends 4.21/Content/Core/UI/Icons/Icon_KaleesiDaenerys.uasset" 354
"E:/GoTLegends(Updated)/GoTLegends 4.21/Content/Core/UI/Icons/Icon_KhalDrogo.uasset" 355
"E:/GoTLegends(Updated)/GoTLegends 4.21/Content/Core/UI/Icons/Icon_LCJonSnow.uasset" 356
"E:/GoTLegends(Updated)/GoTLegends 4.21/Content/Core/UI/Icons/Icon_LCMormont.uasset" 357
"E:/GoTLegends(Updated)/GoTLegends 4.21/Content/Core/UI/Icons/Icon_LorasTyrell.uasset" 358
"E:/GoTLegends(Updated)/GoTLegends 4.21/Content/Core/UI/Icons/Icon_LordEddardStark.uasset" 359
"E:/GoTLegends(Updated)/GoTLegends 4.21/Content/Core/UI/Icons/Icon_MagistrateIllyrio.uasset" 360
"E:/GoTLegends(Updated)/GoTLegends 4.21/Content/Core/UI/Icons/Icon_Missandei.uasset" 361
"E:/GoTLegends(Updated)/GoTLegends 4.21/Content/Core/UI/Icons/Icon_MOTDDaenerys.uasset" 362
"E:/GoTLegends(Updated)/GoTLegends 4.21/Content/Core/UI/Icons/PeterBaelish.uasset" 363
"E:/GoTLegends(Updated)/GoTLegends 4.21/Content/Core/UI/Icons/Pyp.uasset" 364
"E:/GoTLegends(Updated)/GoTLegends 4.21/Content/Core/UI/Icons/QueensGuardJorah.uasset" 365
"E:/GoTLegends(Updated)/GoTLegends 4.21/Content/Core/UI/Icons/RenleyBaratheon.uasset" 366
"E:/GoTLegends(Updated)/GoTLegends 4.21/Content/Core/UI/Icons/RobertBaratheon.uasset" 367
"E:/GoTLegends(Updated)/GoTLegends 4.21/Content/Core/UI/Icons/SamwellTarly.uasset" 368
"E:/GoTLegends(Updated)/GoTLegends 4.21/Content/Core/UI/Icons/SandorClegane.uasset" 369
"E:/GoTLegends(Updated)/GoTLegends 4.21/Content/Core/UI/Icons/StannisBaratheon.uasset" 370
"E:/GoTLegends(Updated)/GoTLegends 4.21/Content/Core/UI/Icons/TyrionLannister.uasset" 371
"E:/GoTLegends(Updated)/GoTLegends 4.21/Content/Core/UI/Icons/TywinLannister.uasset" 372
"E:/GoTLegends(Updated)/GoTLegends 4.21/Content/Core/UI/Icons/ViserysTargaryen.uasset" 373
"E:/GoTLegends(Updated)/GoTLegends 4.21/Content/Core/DataBPs/DataTable_CharacterTable.uasset" 374
"E:/GoTLegends(Updated)/GoTLegends 4.21/Content/Core/Fonts/Game_of_Thrones.uasset" 375
"E:/GoTLegends(Updated)/GoTLegends 4.21/Content/Core/Fonts/Game_of_Thrones_Font.uasset" 376
"E:/GoTLegends(Updated)/GoTLegends 4.21/Content/Core/UI/UI_Images/MainMenuIcons/Image_Gold.uasset" 377
"E:/GoTLegends(Updated)/GoTLegends 4.21/Content/Core/UI/ShopUI/Widget_LootChestRewards.uasset" 378
"E:/GoTLegends(Updated)/GoTLegends 4.21/Content/Core/UI/ShopUI/Widget_AreYouSureBUY.uasset" 379
"E:/GoTLegends(Updated)/GoTLegends 4.21/Content/Core/UI/UI_Images/MainMenuIcons/NewGems.uasset" 380
"E:/GoTLegends(Updated)/GoTLegends 4.21/Content/Core/UI/ShopUI/Widget_LootChestIcons.uasset" 381
"E:/GoTLegends(Updated)/GoTLegends 4.21/Content/Core/UI/ShopUI/Widget_ShopWindow.uasset" 382
"E:/GoTLegends(Updated)/GoTLegends 4.21/Content/Core/DataBPs/CampaignData/Enum_CampaignRewardTypes.uasset" 383
"E:/GoTLegends(Updated)/GoTLegends 4.21/Content/Core/DataBPs/CampaignData/Struct_CampaignRewards.uasset" 384
"E:/GoTLegends(Updated)/GoTLegends 4.21/Content/Core/DataBPs/OfferPacks/Enum_OfferType.uasset" 385
"E:/GoTLegends(Updated)/GoTLegends 4.21/Content/Core/DataBPs/OfferPacks/Struct_OfferPack.uasset" 386
"E:/GoTLegends(Updated)/GoTLegends 4.21/Content/Core/UI/UI_Images/1340Crystals.uasset" 387
"E:/GoTLegends(Updated)/GoTLegends 4.21/Content/Core/UI/UI_Images/15710Crystals.uasset" 388
"E:/GoTLegends(Updated)/GoTLegends 4.21/Content/Core/UI/UI_Images/220Crystals.uasset" 389
"E:/GoTLegends(Updated)/GoTLegends 4.21/Content/Core/UI/UI_Images/2800Crystals.uasset" 390
"E:/GoTLegends(Updated)/GoTLegends 4.21/Content/Core/UI/UI_Images/610Crystals.uasset" 391
"E:/GoTLegends(Updated)/GoTLegends 4.21/Content/Core/UI/UI_Images/7370Crystals.uasset" 392
"E:/GoTLegends(Updated)/GoTLegends 4.21/Content/Core/UI/UI_Images/CampaignSelectorIcons/PlaceholderCampaign.uasset" 393
"E:/GoTLegends(Updated)/GoTLegends 4.21/Content/Core/DataBPs/OfferPacks/DataTable_OfferPacks.uasset" 394
"E:/GoTLegends(Updated)/GoTLegends 4.21/Content/Core/UI/ShopUI/Widget_OfferRewards.uasset" 395
"E:/GoTLegends(Updated)/GoTLegends 4.21/Content/Core/UI/ShopUI/Widget_AreYouSureBUYOffers.uasset" 396
"E:/GoTLegends(Updated)/GoTLegends 4.21/Content/Core/MasterClassBPs/CampaignDataHolder_MasterClass.uasset" 397
"E:/GoTLegends(Updated)/GoTLegends 4.21/Content/Core/DataBPs/CampaignData/Struct_Campaigns.uasset" 398
"E:/GoTLegends(Updated)/GoTLegends 4.21/Content/Core/DataHolderBps/CampaignNode/MissionDataHolder-1-1-1-Normal.uasset" 399
"E:/GoTLegends(Updated)/GoTLegends 4.21/Content/Core/DataHolderBps/CampaignNode/MissionDataHolder-1-1-2-Normal.uasset" 400
"E:/GoTLegends(Updated)/GoTLegends 4.21/Content/Core/DataHolderBps/CampaignNode/MissionDataHolder-1-1-3-Normal.uasset" 401
"E:/GoTLegends(Updated)/GoTLegends 4.21/Content/Core/UI/UI_Images/XP_Icon.uasset" 402
"E:/GoTLegends(Updated)/GoTLegends 4.21/Content/Core/DataBPs/CampaignData/DataTable_CampaignMissions.uasset" 403
"E:/GoTLegends(Updated)/GoTLegends 4.21/Content/Core/UI/UI_Images/MainMenuIcons/NewEnergy.uasset" 404
"E:/GoTLegends(Updated)/GoTLegends 4.21/Content/Core/UI/Widgets_Roster/Widgets_RewardWidget.uasset" 405
"E:/GoTLegends(Updated)/GoTLegends 4.21/Content/Core/UI/Widgets_CampaignWidgets/Widget_CampaignEndBattleRewards.uasset" 406
"E:/GoTLegends(Updated)/GoTLegends 4.21/Content/Core/DataBPs/CampaignData/Struct_EnemyStats.uasset" 407
"E:/GoTLegends(Updated)/GoTLegends 4.21/Content/Core/DataBPs/Enum_BattleTypes.uasset" 408
"E:/GoTLegends(Updated)/GoTLegends 4.21/Content/Core/UI/UI_Images/plus-sign-in-a-square_318-53016.uasset" 409
"E:/GoTLegends(Updated)/GoTLegends 4.21/Content/Core/UI/Widgets_CampaignWidgets/Widget_CharSelectionRosterIcon.uasset" 410
"E:/GoTLegends(Updated)/GoTLegends 4.21/Content/Core/UI/Widgets_CampaignWidgets/Widget_CampaignHeroSelect.uasset" 411
"E:/GoTLegends(Updated)/GoTLegends 4.21/Content/Core/UI/Widgets_CampaignWidgets/Widget_Campaign1.uasset" 412
"E:/GoTLegends(Updated)/GoTLegends 4.21/Content/Core/UI/Widgets_CampaignWidgets/Widget_CampaignEnemyIcon.uasset" 413
"E:/GoTLegends(Updated)/GoTLegends 4.21/Content/Core/UI/Widgets_CampaignWidgets/Widget_CampaignNode.uasset" 414
"E:/GoTLegends(Updated)/GoTLegends 4.21/Content/Core/UI/ShopUI/Widget_OfferPackRewards.uasset" 415
"E:/GoTLegends(Updated)/GoTLegends 4.21/Content/Core/UI/ShopUI/Widget_OfferIcon.uasset" 416
"E:/GoTLegends(Updated)/GoTLegends 4.21/Content/Core/UI/ShopUI/WidgetOffersWindow.uasset" 417
"E:/GoTLegends(Updated)/GoTLegends 4.21/Content/Core/UI/TimerScreen.uasset" 418
"E:/GoTLegends(Updated)/GoTLegends 4.21/Content/Core/UI/UI_Images/GoTIcon.uasset" 419
"E:/GoTLegends(Updated)/GoTLegends 4.21/Content/Core/UI/UI_Images/MainMenuIcons/Campaigns.uasset" 420
"E:/GoTLegends(Updated)/GoTLegends 4.21/Content/Core/UI/UI_Images/MainMenuIcons/Events.uasset" 421
"E:/GoTLegends(Updated)/GoTLegends 4.21/Content/Core/UI/UI_Images/MainMenuIcons/Houses.uasset" 422
"E:/GoTLegends(Updated)/GoTLegends 4.21/Content/Core/UI/UI_Images/MainMenuIcons/Image_Achievements.uasset" 423
"E:/GoTLegends(Updated)/GoTLegends 4.21/Content/Core/UI/UI_Images/MainMenuIcons/Image_Friends.uasset" 424
"E:/GoTLegends(Updated)/GoTLegends 4.21/Content/Core/UI/UI_Images/MainMenuIcons/Image_Mail.uasset" 425
"E:/GoTLegends(Updated)/GoTLegends 4.21/Content/Core/UI/UI_Images/MainMenuIcons/Image_Offers.uasset" 426
"E:/GoTLegends(Updated)/GoTLegends 4.21/Content/Core/UI/UI_Images/MainMenuIcons/image_roster.uasset" 427
"E:/GoTLegends(Updated)/GoTLegends 4.21/Content/Core/UI/UI_Images/MainMenuIcons/image_shop.uasset" 428
"E:/GoTLegends(Updated)/GoTLegends 4.21/Content/Core/UI/UI_Images/OptionsIcon2.uasset" 429
"E:/GoTLegends(Updated)/GoTLegends 4.21/Content/Core/UI/UI_Images/xButton.uasset" 430
"E:/GoTLegends(Updated)/GoTLegends 4.21/Content/Core/UI/Widget_FeatureNotAvailable.uasset" 431
"E:/GoTLegends(Updated)/GoTLegends 4.21/Content/Core/DataHolderBps/Campaigns/CampaignDataHolder_GOT.uasset" 432
"E:/GoTLegends(Updated)/GoTLegends 4.21/Content/Core/DataHolderBps/Campaigns/CampaignDataHolder_BeyondTheWall.uasset" 433
"E:/GoTLegends(Updated)/GoTLegends 4.21/Content/Core/DataHolderBps/Campaigns/CampaignDataHolder_DragonRising.uasset" 434
"E:/GoTLegends(Updated)/GoTLegends 4.21/Content/Core/DataHolderBps/Campaigns/CampaignDataHolder_RobertsRebellion.uasset" 435
"E:/GoTLegends(Updated)/GoTLegends 4.21/Content/Core/DataHolderBps/Campaigns/CampaignDataHolder_Warof5Kings.uasset" 436
"E:/GoTLegends(Updated)/GoTLegends 4.21/Content/Core/UI/UI_Images/CampaignSelectorIcons/BeyondTheWall.uasset" 437
"E:/GoTLegends(Updated)/GoTLegends 4.21/Content/Core/UI/UI_Images/CampaignSelectorIcons/DragonRising.uasset" 438
"E:/GoTLegends(Updated)/GoTLegends 4.21/Content/Core/UI/UI_Images/CampaignSelectorIcons/GOT.uasset" 439
"E:/GoTLegends(Updated)/GoTLegends 4.21/Content/Core/UI/UI_Images/CampaignSelectorIcons/RobertsRebellion.uasset" 440
"E:/GoTLegends(Updated)/GoTLegends 4.21/Content/Core/UI/UI_Images/CampaignSelectorIcons/Warof5Kings.uasset" 441
"E:/GoTLegends(Updated)/GoTLegends 4.21/Content/Core/DataBPs/CampaignData/DataTable_Campaigns.uasset" 442
"E:/GoTLegends(Updated)/GoTLegends 4.21/Content/Core/UI/DynamicSpacerWidget100.uasset" 443
"E:/GoTLegends(Updated)/GoTLegends 4.21/Content/Core/UI/Widgets_CampaignWidgets/Widget_CampaignSelectorWidget.uasset" 444
"E:/GoTLegends(Updated)/GoTLegends 4.21/Content/Core/UI/Widgets_CampaignWidgets/Widget_CampaignSelector.uasset" 445
"E:/GoTLegends(Updated)/GoTLegends 4.21/Content/Core/DataBPs/EventData/Enum_Events.uasset" 446
"E:/GoTLegends(Updated)/GoTLegends 4.21/Content/Core/DataBPs/EventData/Enum_EventTypes.uasset" 447
"E:/GoTLegends(Updated)/GoTLegends 4.21/Content/Core/DataBPs/EventData/Enum_EventRepeatable.uasset" 448
"E:/GoTLegends(Updated)/GoTLegends 4.21/Content/Core/DataBPs/EventData/Struct_EventNode.uasset" 449
"E:/GoTLegends(Updated)/GoTLegends 4.21/Content/Core/DataBPs/EventData/Struct_Event.uasset" 450
"E:/GoTLegends(Updated)/GoTLegends 4.21/Content/Core/DataHolderBps/CampaignNode/EventNodeDataHolder_JonSnow1.uasset" 451
"E:/GoTLegends(Updated)/GoTLegends 4.21/Content/Core/DataHolderBps/CampaignNode/EventNodeDataHolder_JonSnow2.uasset" 452
"E:/GoTLegends(Updated)/GoTLegends 4.21/Content/Core/DataHolderBps/CampaignNode/EventNodeDataHolder_JonSnow3.uasset" 453
"E:/GoTLegends(Updated)/GoTLegends 4.21/Content/Core/DataHolderBps/CampaignNode/EventNodeDataHolder_JonSnow4.uasset" 454
"E:/GoTLegends(Updated)/GoTLegends 4.21/Content/Core/DataHolderBps/CampaignNode/EventNodeDataHolder_JonSnow5.uasset" 455
"E:/GoTLegends(Updated)/GoTLegends 4.21/Content/Core/DataHolderBps/CampaignNode/EventNodeDataHolder_JonSnow6.uasset" 456
"E:/GoTLegends(Updated)/GoTLegends 4.21/Content/Core/DataHolderBps/CampaignNode/EventNodeDataHolder_JonSnow7.uasset" 457
"E:/GoTLegends(Updated)/GoTLegends 4.21/Content/Core/DataHolderBps/Campaigns/CampaignDataHolder_EVENTLCJonSnow.uasset" 458
"E:/GoTLegends(Updated)/GoTLegends 4.21/Content/Core/UI/UI_Images/LCJonSnowEventArt.uasset" 459
"E:/GoTLegends(Updated)/GoTLegends 4.21/Content/Core/DataBPs/EventData/DataTable_Events.uasset" 460
"E:/GoTLegends(Updated)/GoTLegends 4.21/Content/Core/UI/DynamicSpacerWidget.uasset" 461
"E:/GoTLegends(Updated)/GoTLegends 4.21/Content/Core/UI/Widgets_Events/Widget_EventHeroSelectRosterIcon.uasset" 462
"E:/GoTLegends(Updated)/GoTLegends 4.21/Content/Core/UI/Widgets_Events/Widget_EventHeroSelect.uasset" 463
"E:/GoTLegends(Updated)/GoTLegends 4.21/Content/Core/UI/Widgets_Events/Widget_EventNode.uasset" 464
"E:/GoTLegends(Updated)/GoTLegends 4.21/Content/Core/UI/Widgets_Events/Widget_EventScreen.uasset" 465
"E:/GoTLegends(Updated)/GoTLegends 4.21/Content/Core/UI/Widgets_Events/Widget_EventSelectorWidget.uasset" 466
"E:/GoTLegends(Updated)/GoTLegends 4.21/Content/Core/UI/Widgets_Events/Widget_EventSelector.uasset" 467
"E:/GoTLegends(Updated)/GoTLegends 4.21/Content/Core/UI/Widgets_MainMenu/Widget_TcPLeaderboardEntry.uasset" 468
"E:/GoTLegends(Updated)/GoTLegends 4.21/Content/Core/UI/Widgets_MainMenu/Widget_TCPLeaderboard.uasset" 469
"E:/GoTLegends(Updated)/GoTLegends 4.21/Content/Core/UI/Widgets_MainMenu/Widget_PlayerProfileScreen.uasset" 470
"E:/GoTLegends(Updated)/GoTLegends 4.21/Content/Core/UI/Widgets_Roster/Widget_MainMenuRoster_Icons.uasset" 471
"E:/GoTLegends(Updated)/GoTLegends 4.21/Content/Core/UI/Widgets_Roster/Widget_MainMenuRoster_IconsLOCKED.uasset" 472
"E:/GoTLegends(Updated)/GoTLegends 4.21/Content/Core/UI/Widgets_Roster/Widget_MainMenuRoster.uasset" 473
"E:/GoTLegends(Updated)/GoTLegends 4.21/Content/Core/UI/Widgets_Social/Widget_FriendsList.uasset" 474
"E:/GoTLegends(Updated)/GoTLegends 4.21/Content/Core/UI/LoadingScreen.uasset" 475
"E:/GoTLegends(Updated)/GoTLegends 4.21/Content/Core/UI/Widgets_Social/Widget_ChatEntry.uasset" 476
"E:/GoTLegends(Updated)/GoTLegends 4.21/Content/Core/UI/Widgets_Social/Widget_HouseRosterIcon.uasset" 477
"E:/GoTLegends(Updated)/GoTLegends 4.21/Content/Core/UI/Widgets_Social/Widget_HouseRoster.uasset" 478
"E:/GoTLegends(Updated)/GoTLegends 4.21/Content/Core/UI/Widgets_Social/Widget_HouseMenu.uasset" 479
"E:/GoTLegends(Updated)/GoTLegends 4.21/Content/Core/UI/Widgets_Social/Widget_HouseCreation.uasset" 480
"E:/GoTLegends(Updated)/GoTLegends 4.21/Content/Core/UI/Widgets_Social/Widget_HouseListIcons.uasset" 481
"E:/GoTLegends(Updated)/GoTLegends 4.21/Content/Core/UI/Widgets_Social/Widget_HouseList.uasset" 482
"E:/GoTLegends(Updated)/GoTLegends 4.21/Content/Core/UI/Widgets_Social/Widget_HouseMenuSelector.uasset" 483
"E:/GoTLegends(Updated)/GoTLegends 4.21/Content/Core/UI/Widgets_MainMenu/Widget_MainMenu.uasset" 484
"E:/GoTLegends(Updated)/GoTLegends 4.21/Content/Core/UI/Widgets_Roster/Widget_CharScreenStats.uasset" 485
"E:/GoTLegends(Updated)/GoTLegends 4.21/Content/Core/UI/Widgets_Roster/Widget_CharUnlockedWidget.uasset" 486
"E:/GoTLegends(Updated)/GoTLegends 4.21/Content/Core/UI/Widgets_Roster/Widget_HeroLevelUp.uasset" 487
"E:/GoTLegends(Updated)/GoTLegends 4.21/Content/Core/UI/Widgets_Roster/Widget_ShardFinderNode.uasset" 488
"E:/GoTLegends(Updated)/GoTLegends 4.21/Content/Core/UI/Widgets_Roster/Widget_ShardFinderWidget.uasset" 489
"E:/GoTLegends(Updated)/GoTLegends 4.21/Content/Core/UI/Widgets_Roster/Widget_MainMenu_CharScreen.uasset" 490
"E:/GoTLegends(Updated)/GoTLegends 4.21/Content/Core/MasterClassBPs/CharDataHolder_MasterClass.uasset" 491
"../../../Engine/Content/Functions/Engine_MaterialFunctions01/Density/ExponentialDensity.uasset" 492
"../../../Engine/Content/Functions/Engine_MaterialFunctions01/Gradient/RadialGradientExponential.uasset" 493
"E:/GoTLegends(Updated)/GoTLegends 4.21/Content/Core/Blueprints/M_Cursor_Decal.uasset" 494
"E:/GoTLegends(Updated)/GoTLegends 4.21/Content/Core/UI/Widgets_Combat/WIdget_BattleHealthBar.uasset" 495
"E:/GoTLegends(Updated)/GoTLegends 4.21/Content/Core/UI/UI_Images/OptionsIcon.uasset" 496
"E:/GoTLegends(Updated)/GoTLegends 4.21/Content/Core/UI/UI_Images/PlayIcon.uasset" 497
"E:/GoTLegends(Updated)/GoTLegends 4.21/Content/Core/UI/Widgets_Combat/Widget_BattleOverlay.uasset" 498
"E:/GoTLegends(Updated)/GoTLegends 4.21/Content/Core/UI/Widgets_Combat/Widget_FloatingCombatText.uasset" 499
"E:/GoTLegends(Updated)/GoTLegends 4.21/Content/Paladin_Weapons_Pack/Textures/Weapons/King_Swords/Clean/T_KSwords_BaseColor.uasset" 500
"E:/GoTLegends(Updated)/GoTLegends 4.21/Content/Paladin_Weapons_Pack/Textures/Weapons/King_Swords/Clean/T_KSwords_Normal.uasset" 501
"E:/GoTLegends(Updated)/GoTLegends 4.21/Content/Paladin_Weapons_Pack/Textures/Weapons/King_Swords/Clean/T_KSwords_OcclusionRoughnessMetallic.uasset" 502
"E:/GoTLegends(Updated)/GoTLegends 4.21/Content/Paladin_Weapons_Pack/Materials/Weapons/Kings_Swords/M_King_Swords.uasset" 503
"E:/GoTLegends(Updated)/GoTLegends 4.21/Content/Paladin_Weapons_Pack/Mesh/Weapons/King_Swords/SM_King_Sword_2.uasset" 504
"E:/GoTLegends(Updated)/GoTLegends 4.21/Content/Core/MasterClassBPs/Character_MasterClass.uasset" 505
"E:/GoTLegends(Updated)/GoTLegends 4.21/Content/Core/DataBPs/CampaignData/Struct_CampaignEnemyInfo.uasset" 506
"E:/GoTLegends(Updated)/GoTLegends 4.21/Content/Core/DataBPs/CampaignData/Struct_CampaignMissions.uasset" 507
"E:/GoTLegends(Updated)/GoTLegends 4.21/Content/Core/AudioTracks/1-TV_Themes_-_Game_Of_Thrones_Main_Title_Theme.uasset" 508
"E:/GoTLegends(Updated)/GoTLegends 4.21/Content/Movies/ArchlichIntroVideo10801.uasset" 509
"E:/GoTLegends(Updated)/GoTLegends 4.21/Content/Movies/UnrealFireSplash.uasset" 510
"E:/GoTLegends(Updated)/GoTLegends 4.21/Content/Movies/Playlist.uasset" 511
"E:/GoTLegends(Updated)/GoTLegends 4.21/Content/Core/UI/UI_Images/BrandingImages/Powered_By_GameSparks_RGB.uasset" 512
"E:/GoTLegends(Updated)/GoTLegends 4.21/Content/Core/UI/UI_Images/BrandingImages/Unreal_Engine_Horiz_White.uasset" 513
"E:/GoTLegends(Updated)/GoTLegends 4.21/Content/Core/UI/UI_Images/GameSplashScreen.uasset" 514
"E:/GoTLegends(Updated)/GoTLegends 4.21/Content/Core/UI/SplashScreen.uasset" 515
"E:/GoTLegends(Updated)/GoTLegends 4.21/Content/Core/UI/Widget_PlayerLevelUp.uasset" 516
"E:/GoTLegends(Updated)/GoTLegends 4.21/Content/Core/UI/Widgets_Combat/Widget_Defeat.uasset" 517
"E:/GoTLegends(Updated)/GoTLegends 4.21/Content/Core/UI/Widgets_Combat/Widget_Victory.uasset" 518
"E:/GoTLegends(Updated)/GoTLegends 4.21/Content/Core/UI/UI_Images/ArchLichLogo.uasset" 519
"E:/GoTLegends(Updated)/GoTLegends 4.21/Content/Core/UI/Widgets_Login/GameSparksRegistration.uasset" 520
"E:/GoTLegends(Updated)/GoTLegends 4.21/Content/Core/UI/Widgets_Login/GameSparksLogin.uasset" 521
"E:/GoTLegends(Updated)/GoTLegends 4.21/Content/Core/Blueprints/GOTGameMode.uasset" 522
"E:/GoTLegends(Updated)/GoTLegends 4.21/Content/Core/Maps/TopDownExampleMap_BuiltData.uasset" 523
"E:/GoTLegends(Updated)/GoTLegends 4.21/Content/Geometry/Meshes/CubeMaterial.uasset" 524
"E:/GoTLegends(Updated)/GoTLegends 4.21/Content/Geometry/Meshes/1M_Cube.uasset" 525
"E:/GoTLegends(Updated)/GoTLegends 4.21/Content/MobileStarterContent/Materials/M_Basic_Floor.uasset" 526
"E:/GoTLegends(Updated)/GoTLegends 4.21/Content/MobileStarterContent/Architecture/Floor_400x400.uasset" 527
"E:/GoTLegends(Updated)/GoTLegends 4.21/Content/Core/Maps/TopDownExampleMap.umap" 528
"../../../Engine/Content/Maps/Entry_BuiltData.uasset" 529
"../../../Engine/Content/Maps/Entry.umap" 530
